PLINK v2.0.0-a.7.1 M1 (4 May 2026)
Options in effect:
  --bfile hgdp_qc
  --extract hgdp_ldprune.prune.in
  --make-bed
  --out hgdp_pruned
  --set-all-var-ids @:#:$r:$a
  --snps-only

Hostname: Zakirs-MacBook-Air-2.local
Working directory: /Users/zakiralibhai/Documents/School/anth/clustering
Start time: Fri Jul 10 00:01:45 2026

Random number seed: 1783666905
24576 MiB RAM detected; reserving 12288 MiB for main workspace.
Using up to 10 threads (change this with --threads).
Warning: Phenotype value in [-8, -9) or (-9, -10] present, when -9 is treated
as missing.  Use --no-input-missing-phenotype to treat -9 as a numeric value
(missing values can be indicated by 'NA'), or --neg9-pheno-really-missing to
suppress this warning.
927 samples (317 females, 610 males; 927 founders) loaded from hgdp_qc.fam.
10747738 variants in hgdp_qc.bim; 821043 excluded by --snps-only, 9926695
remaining.
1 quantitative phenotype loaded (927 values).
--extract: 1209774 variants remaining.
1209774 variants remaining after main filters.
Writing hgdp_pruned.fam ... done.
Writing hgdp_pruned.bim ... done.
Writing hgdp_pruned.bed ... done.

End time: Fri Jul 10 00:01:48 2026
