PLINK v2.0.0-a.7.1 M1 (4 May 2026)
Options in effect:
  --bfile hgdp_qc
  --out hgdp_pca
  --pca 20

Hostname: Zakirs-MacBook-Air-2.local
Working directory: /Users/zakiralibhai/Documents/School/anth/clustering
Start time: Fri Jul 10 00:02:32 2026

Random number seed: 1783666952
24576 MiB RAM detected; reserving 12288 MiB for main workspace.
Using up to 10 threads (change this with --threads).
Warning: Phenotype value in [-8, -9) or (-9, -10] present, when -9 is treated
as missing.  Use --no-input-missing-phenotype to treat -9 as a numeric value
(missing values can be indicated by 'NA'), or --neg9-pheno-really-missing to
suppress this warning.
927 samples (317 females, 610 males; 927 founders) loaded from hgdp_qc.fam.
10747738 variants loaded from hgdp_qc.bim.
1 quantitative phenotype loaded (927 values).
Calculating allele frequencies... done.
Constructing GRM: done.
Correcting for missingness... done.
Extracting eigenvalues and eigenvectors... done.
--pca: Eigenvectors written to hgdp_pca.eigenvec , and eigenvalues written to
hgdp_pca.eigenval .

End time: Fri Jul 10 00:05:32 2026
