PLINK v2.0.0-a.7.1 M1 (4 May 2026)
Options in effect:
  --bfile hgdp_qc
  --indep-pairwise 50 10 0.1
  --out hgdp_ldprune
  --rm-dup exclude-all
  --set-all-var-ids @:#:$r:$a
  --snps-only

Hostname: Zakirs-MacBook-Air-2.local
Working directory: /Users/zakiralibhai/Documents/School/anth/clustering
Start time: Fri Jul 10 00:01:00 2026

Random number seed: 1783666860
24576 MiB RAM detected; reserving 12288 MiB for main workspace.
Using up to 10 threads (change this with --threads).
Warning: Phenotype value in [-8, -9) or (-9, -10] present, when -9 is treated
as missing.  Use --no-input-missing-phenotype to treat -9 as a numeric value
(missing values can be indicated by 'NA'), or --neg9-pheno-really-missing to
suppress this warning.
927 samples (317 females, 610 males; 927 founders) loaded from hgdp_qc.fam.
10747738 variants in hgdp_qc.bim; 821043 excluded by --snps-only, 9926695
remaining.
1 quantitative phenotype loaded (927 values).
Note: Skipping --rm-dup since no duplicate IDs are present.
Calculating allele frequencies... done.
9926695 variants remaining after main filters.
--indep-pairwise (9 compute threads): 8716921/9926695 variants removed.
Variant lists written to hgdp_ldprune.prune.in and hgdp_ldprune.prune.out .

End time: Fri Jul 10 00:01:06 2026
