****                   ADMIXTURE Version 1.4.0                  ****
****                    Copyright 2008-2025                     ****
****           David Alexander, Suyash Shringarpure,            ****
****                John Novembre, Ken Lange                    ****
****                                                            ****
****                 Please cite our paper!                     ****
****   Information at https://dalexander.github.io/admixture/   ****

Cross-validation will be performed.  Folds=5.
Parallel execution requested.  Will use 8 threads.
Random seed: 10047
Point estimation method: Block relaxation algorithm
Convergence acceleration algorithm: QuasiNewton, 3 secant conditions
Point estimation will terminate when objective function delta < 0.0001
Estimation of standard errors disabled; will compute point estimates only.
Size of G: 927x1209774
Performing five EM steps to prime main algorithm
1 (EM) 	Elapsed: 4.814	Loglikelihood: -4.81372e+08	(delta): 1.14025e+09
2 (EM) 	Elapsed: 5.22	Loglikelihood: -4.47779e+08	(delta): 3.35934e+07
3 (EM) 	Elapsed: 6.296	Loglikelihood: -4.44083e+08	(delta): 3.69566e+06
4 (EM) 	Elapsed: 4.396	Loglikelihood: -4.42339e+08	(delta): 1.74468e+06
5 (EM) 	Elapsed: 4.426	Loglikelihood: -4.41053e+08	(delta): 1.28547e+06
Initial loglikelihood: -4.41053e+08
Starting main algorithm
1 (QN/Block) 	Elapsed: 35.094	Loglikelihood: -3.99256e+08	(delta): 4.17969e+07
2 (QN/Block) 	Elapsed: 32.897	Loglikelihood: -3.8763e+08	(delta): 1.16264e+07
3 (QN/Block) 	Elapsed: 33.606	Loglikelihood: -3.83926e+08	(delta): 3.70345e+06
4 (QN/Block) 	Elapsed: 34.091	Loglikelihood: -3.81685e+08	(delta): 2.24164e+06
5 (QN/Block) 	Elapsed: 34.923	Loglikelihood: -3.80813e+08	(delta): 871899
6 (QN/Block) 	Elapsed: 32.443	Loglikelihood: -3.80191e+08	(delta): 621853
7 (QN/Block) 	Elapsed: 34.286	Loglikelihood: -3.79869e+08	(delta): 322042
8 (QN/Block) 	Elapsed: 35.021	Loglikelihood: -3.79702e+08	(delta): 167275
9 (QN/Block) 	Elapsed: 31.27	Loglikelihood: -3.79557e+08	(delta): 144402
10 (QN/Block) 	Elapsed: 32.274	Loglikelihood: -3.79515e+08	(delta): 42308.3
11 (QN/Block) 	Elapsed: 33.403	Loglikelihood: -3.79499e+08	(delta): 16197.3
12 (QN/Block) 	Elapsed: 29.051	Loglikelihood: -3.79494e+08	(delta): 4481.9
13 (QN/Block) 	Elapsed: 29.729	Loglikelihood: -3.79492e+08	(delta): 2271.24
14 (QN/Block) 	Elapsed: 30.192	Loglikelihood: -3.79491e+08	(delta): 1172.84
15 (QN/Block) 	Elapsed: 29.192	Loglikelihood: -3.79491e+08	(delta): 329.095
16 (QN/Block) 	Elapsed: 29.598	Loglikelihood: -3.7949e+08	(delta): 142.239
17 (QN/Block) 	Elapsed: 29.619	Loglikelihood: -3.7949e+08	(delta): 52.7086
18 (QN/Block) 	Elapsed: 29.127	Loglikelihood: -3.7949e+08	(delta): 17.9666
19 (QN/Block) 	Elapsed: 28.926	Loglikelihood: -3.7949e+08	(delta): 9.96158
20 (QN/Block) 	Elapsed: 29.426	Loglikelihood: -3.7949e+08	(delta): 5.91769
21 (QN/Block) 	Elapsed: 29.284	Loglikelihood: -3.7949e+08	(delta): 4.08821
22 (QN/Block) 	Elapsed: 28.471	Loglikelihood: -3.7949e+08	(delta): 1.74831
23 (QN/Block) 	Elapsed: 28.038	Loglikelihood: -3.7949e+08	(delta): 0.878305
24 (QN/Block) 	Elapsed: 28.103	Loglikelihood: -3.7949e+08	(delta): 0.517424
25 (QN/Block) 	Elapsed: 30.586	Loglikelihood: -3.7949e+08	(delta): 0.364224
26 (QN/Block) 	Elapsed: 30.25	Loglikelihood: -3.7949e+08	(delta): 0.200787
27 (QN/Block) 	Elapsed: 30.283	Loglikelihood: -3.7949e+08	(delta): 0.182714
28 (QN/Block) 	Elapsed: 30.345	Loglikelihood: -3.7949e+08	(delta): 0.0656587
29 (QN/Block) 	Elapsed: 30.386	Loglikelihood: -3.7949e+08	(delta): 0.017262
30 (QN/Block) 	Elapsed: 30.16	Loglikelihood: -3.7949e+08	(delta): 0.00385898
31 (QN/Block) 	Elapsed: 29.985	Loglikelihood: -3.7949e+08	(delta): 0.00204408
32 (QN/Block) 	Elapsed: 30.263	Loglikelihood: -3.7949e+08	(delta): 0.00148141
33 (QN/Block) 	Elapsed: 29.781	Loglikelihood: -3.7949e+08	(delta): 0.000225186
34 (QN/Block) 	Elapsed: 29.536	Loglikelihood: -3.7949e+08	(delta): 2.28286e-05
Summary: 
Converged in 34 iterations (1128.7 sec)
Loglikelihood: -379490367.406308
Fst divergences between estimated populations: 
	Pop0	Pop1	Pop2	Pop3	Pop4	Pop5	Pop6	Pop7	Pop8	
Pop0	
Pop1	0.037	
Pop2	0.074	0.100	
Pop3	0.133	0.128	0.162	
Pop4	0.177	0.172	0.206	0.071	
Pop5	0.133	0.152	0.138	0.199	0.240	
Pop6	0.033	0.033	0.097	0.135	0.179	0.151	
Pop7	0.028	0.033	0.094	0.143	0.186	0.149	0.024	
Pop8	0.117	0.142	0.109	0.202	0.242	0.199	0.139	0.131	
Pop9	0.075	0.100	0.039	0.166	0.208	0.149	0.097	0.091	0.106	
CV error (K=10): 0.20955
Writing output files.
