****                   ADMIXTURE Version 1.4.0                  ****
****                    Copyright 2008-2025                     ****
****           David Alexander, Suyash Shringarpure,            ****
****                John Novembre, Ken Lange                    ****
****                                                            ****
****                 Please cite our paper!                     ****
****   Information at https://dalexander.github.io/admixture/   ****

Cross-validation will be performed.  Folds=5.
Parallel execution requested.  Will use 8 threads.
Random seed: 10043
Point estimation method: Block relaxation algorithm
Convergence acceleration algorithm: QuasiNewton, 3 secant conditions
Point estimation will terminate when objective function delta < 0.0001
Estimation of standard errors disabled; will compute point estimates only.
Size of G: 927x1209774
Performing five EM steps to prime main algorithm
1 (EM) 	Elapsed: 7.032	Loglikelihood: -4.81367e+08	(delta): 1.14036e+09
2 (EM) 	Elapsed: 6.561	Loglikelihood: -4.4784e+08	(delta): 3.35271e+07
3 (EM) 	Elapsed: 4.97	Loglikelihood: -4.44099e+08	(delta): 3.74093e+06
4 (EM) 	Elapsed: 5.177	Loglikelihood: -4.42329e+08	(delta): 1.76996e+06
5 (EM) 	Elapsed: 5.179	Loglikelihood: -4.41034e+08	(delta): 1.29529e+06
Initial loglikelihood: -4.41034e+08
Starting main algorithm
1 (QN/Block) 	Elapsed: 29.34	Loglikelihood: -4.01163e+08	(delta): 3.98705e+07
2 (QN/Block) 	Elapsed: 29.583	Loglikelihood: -3.89267e+08	(delta): 1.18958e+07
3 (QN/Block) 	Elapsed: 35.439	Loglikelihood: -3.85586e+08	(delta): 3.68176e+06
4 (QN/Block) 	Elapsed: 34.161	Loglikelihood: -3.83415e+08	(delta): 2.17083e+06
5 (QN/Block) 	Elapsed: 35.494	Loglikelihood: -3.82308e+08	(delta): 1.10642e+06
6 (QN/Block) 	Elapsed: 34.701	Loglikelihood: -3.81244e+08	(delta): 1.06387e+06
7 (QN/Block) 	Elapsed: 35.93	Loglikelihood: -3.80565e+08	(delta): 679568
8 (QN/Block) 	Elapsed: 32.926	Loglikelihood: -3.80017e+08	(delta): 548210
9 (QN/Block) 	Elapsed: 31.275	Loglikelihood: -3.7971e+08	(delta): 306597
10 (QN/Block) 	Elapsed: 31.082	Loglikelihood: -3.79555e+08	(delta): 154603
11 (QN/Block) 	Elapsed: 31.565	Loglikelihood: -3.79472e+08	(delta): 83637.2
12 (QN/Block) 	Elapsed: 32.306	Loglikelihood: -3.79425e+08	(delta): 46854.7
13 (QN/Block) 	Elapsed: 31.734	Loglikelihood: -3.79392e+08	(delta): 33166.4
14 (QN/Block) 	Elapsed: 31.477	Loglikelihood: -3.79373e+08	(delta): 18577.7
15 (QN/Block) 	Elapsed: 32.246	Loglikelihood: -3.79361e+08	(delta): 12055.3
16 (QN/Block) 	Elapsed: 31.165	Loglikelihood: -3.79353e+08	(delta): 8444.65
17 (QN/Block) 	Elapsed: 33.682	Loglikelihood: -3.79347e+08	(delta): 5434.24
18 (QN/Block) 	Elapsed: 33.763	Loglikelihood: -3.79345e+08	(delta): 2466.02
19 (QN/Block) 	Elapsed: 33.513	Loglikelihood: -3.79344e+08	(delta): 729.096
20 (QN/Block) 	Elapsed: 31.386	Loglikelihood: -3.79344e+08	(delta): 289.517
21 (QN/Block) 	Elapsed: 30.913	Loglikelihood: -3.79344e+08	(delta): 128.311
22 (QN/Block) 	Elapsed: 31.331	Loglikelihood: -3.79344e+08	(delta): 32.9992
23 (QN/Block) 	Elapsed: 31.395	Loglikelihood: -3.79344e+08	(delta): 14.0633
24 (QN/Block) 	Elapsed: 30.75	Loglikelihood: -3.79344e+08	(delta): 1.38409
25 (QN/Block) 	Elapsed: 30.798	Loglikelihood: -3.79344e+08	(delta): 0.243527
26 (QN/Block) 	Elapsed: 31.093	Loglikelihood: -3.79344e+08	(delta): 0.071097
27 (QN/Block) 	Elapsed: 34.59	Loglikelihood: -3.79344e+08	(delta): 0.0227206
28 (QN/Block) 	Elapsed: 30.792	Loglikelihood: -3.79344e+08	(delta): 0.0065853
29 (QN/Block) 	Elapsed: 30.531	Loglikelihood: -3.79344e+08	(delta): 0.000968099
30 (QN/Block) 	Elapsed: 29.703	Loglikelihood: -3.79344e+08	(delta): 0.000770926
31 (QN/Block) 	Elapsed: 29.387	Loglikelihood: -3.79344e+08	(delta): 9.42349e-05
Summary: 
Converged in 31 iterations (1076.13 sec)
Loglikelihood: -379343638.514536
Fst divergences between estimated populations: 
	Pop0	Pop1	Pop2	Pop3	Pop4	Pop5	Pop6	Pop7	Pop8	
Pop0	
Pop1	0.118	
Pop2	0.131	0.202	
Pop3	0.043	0.144	0.158	
Pop4	0.133	0.199	0.199	0.162	
Pop5	0.176	0.242	0.071	0.201	0.240	
Pop6	0.026	0.131	0.143	0.057	0.150	0.186	
Pop7	0.075	0.106	0.166	0.103	0.149	0.209	0.092	
Pop8	0.075	0.109	0.162	0.103	0.138	0.206	0.094	0.039	
Pop9	0.030	0.138	0.128	0.063	0.149	0.172	0.025	0.096	0.096	
CV error (K=10): 0.20919
Writing output files.
