****                   ADMIXTURE Version 1.4.0                  ****
****                    Copyright 2008-2025                     ****
****           David Alexander, Suyash Shringarpure,            ****
****                John Novembre, Ken Lange                    ****
****                                                            ****
****                 Please cite our paper!                     ****
****   Information at https://dalexander.github.io/admixture/   ****

Cross-validation will be performed.  Folds=5.
Parallel execution requested.  Will use 8 threads.
Random seed: 10045
Point estimation method: Block relaxation algorithm
Convergence acceleration algorithm: QuasiNewton, 3 secant conditions
Point estimation will terminate when objective function delta < 0.0001
Estimation of standard errors disabled; will compute point estimates only.
Size of G: 927x1209774
Performing five EM steps to prime main algorithm
1 (EM) 	Elapsed: 5.766	Loglikelihood: -4.8133e+08	(delta): 1.13941e+09
2 (EM) 	Elapsed: 4.934	Loglikelihood: -4.47779e+08	(delta): 3.35504e+07
3 (EM) 	Elapsed: 4.658	Loglikelihood: -4.44108e+08	(delta): 3.6709e+06
4 (EM) 	Elapsed: 5.11	Loglikelihood: -4.42393e+08	(delta): 1.71507e+06
5 (EM) 	Elapsed: 4.983	Loglikelihood: -4.41139e+08	(delta): 1.25427e+06
Initial loglikelihood: -4.41139e+08
Starting main algorithm
1 (QN/Block) 	Elapsed: 29.211	Loglikelihood: -4.01959e+08	(delta): 3.91803e+07
2 (QN/Block) 	Elapsed: 30.765	Loglikelihood: -3.88406e+08	(delta): 1.35529e+07
3 (QN/Block) 	Elapsed: 32.162	Loglikelihood: -3.84536e+08	(delta): 3.87026e+06
4 (QN/Block) 	Elapsed: 32.803	Loglikelihood: -3.82406e+08	(delta): 2.13e+06
5 (QN/Block) 	Elapsed: 35.14	Loglikelihood: -3.81183e+08	(delta): 1.22302e+06
6 (QN/Block) 	Elapsed: 33.564	Loglikelihood: -3.80496e+08	(delta): 686696
7 (QN/Block) 	Elapsed: 32.623	Loglikelihood: -3.80106e+08	(delta): 389773
8 (QN/Block) 	Elapsed: 34.909	Loglikelihood: -3.79793e+08	(delta): 313590
9 (QN/Block) 	Elapsed: 32.879	Loglikelihood: -3.79562e+08	(delta): 230138
10 (QN/Block) 	Elapsed: 33.962	Loglikelihood: -3.7949e+08	(delta): 72329.4
11 (QN/Block) 	Elapsed: 32.659	Loglikelihood: -3.79462e+08	(delta): 28600.6
12 (QN/Block) 	Elapsed: 33.782	Loglikelihood: -3.79452e+08	(delta): 9917.38
13 (QN/Block) 	Elapsed: 31.524	Loglikelihood: -3.79447e+08	(delta): 4373.65
14 (QN/Block) 	Elapsed: 30.182	Loglikelihood: -3.79444e+08	(delta): 2772.77
15 (QN/Block) 	Elapsed: 30.62	Loglikelihood: -3.79443e+08	(delta): 1633.03
16 (QN/Block) 	Elapsed: 31.202	Loglikelihood: -3.79442e+08	(delta): 948.473
17 (QN/Block) 	Elapsed: 31.22	Loglikelihood: -3.79441e+08	(delta): 558.155
18 (QN/Block) 	Elapsed: 30.555	Loglikelihood: -3.79441e+08	(delta): 269.352
19 (QN/Block) 	Elapsed: 30.055	Loglikelihood: -3.79441e+08	(delta): 137.932
20 (QN/Block) 	Elapsed: 29.141	Loglikelihood: -3.79441e+08	(delta): 81.169
21 (QN/Block) 	Elapsed: 30.579	Loglikelihood: -3.79441e+08	(delta): 29.5024
22 (QN/Block) 	Elapsed: 31.297	Loglikelihood: -3.79441e+08	(delta): 0.509884
23 (QN/Block) 	Elapsed: 29.832	Loglikelihood: -3.79441e+08	(delta): 23.0505
24 (QN/Block) 	Elapsed: 29.686	Loglikelihood: -3.79441e+08	(delta): 9.81843
25 (QN/Block) 	Elapsed: 30.024	Loglikelihood: -3.79441e+08	(delta): 2.55221
26 (QN/Block) 	Elapsed: 29.47	Loglikelihood: -3.79441e+08	(delta): 1.32775
27 (QN/Block) 	Elapsed: 29.145	Loglikelihood: -3.79441e+08	(delta): 0.586406
28 (QN/Block) 	Elapsed: 28.083	Loglikelihood: -3.79441e+08	(delta): 0.368344
29 (QN/Block) 	Elapsed: 28.901	Loglikelihood: -3.79441e+08	(delta): 0.0792012
30 (QN/Block) 	Elapsed: 29.212	Loglikelihood: -3.79441e+08	(delta): 0.058933
31 (QN/Block) 	Elapsed: 28.905	Loglikelihood: -3.79441e+08	(delta): 0.016017
32 (QN/Block) 	Elapsed: 28.785	Loglikelihood: -3.79441e+08	(delta): 0.00231314
33 (QN/Block) 	Elapsed: 29.136	Loglikelihood: -3.79441e+08	(delta): 0.000515938
34 (QN/Block) 	Elapsed: 30.996	Loglikelihood: -3.79441e+08	(delta): 1.72853e-05
Summary: 
Converged in 34 iterations (1131.8 sec)
Loglikelihood: -379440768.146799
Fst divergences between estimated populations: 
	Pop0	Pop1	Pop2	Pop3	Pop4	Pop5	Pop6	Pop7	Pop8	
Pop0	
Pop1	0.150	
Pop2	0.143	0.199	
Pop3	0.029	0.132	0.133	
Pop4	0.031	0.151	0.124	0.039	
Pop5	0.094	0.138	0.162	0.074	0.099	
Pop6	0.091	0.149	0.166	0.075	0.099	0.039	
Pop7	0.131	0.199	0.202	0.117	0.141	0.109	0.106	
Pop8	0.022	0.147	0.133	0.027	0.029	0.094	0.093	0.135	
Pop9	0.186	0.240	0.071	0.177	0.169	0.206	0.209	0.242	0.177	
CV error (K=10): 0.20971
Writing output files.
