****                   ADMIXTURE Version 1.4.0                  ****
****                    Copyright 2008-2025                     ****
****           David Alexander, Suyash Shringarpure,            ****
****                John Novembre, Ken Lange                    ****
****                                                            ****
****                 Please cite our paper!                     ****
****   Information at https://dalexander.github.io/admixture/   ****

Cross-validation will be performed.  Folds=5.
Parallel execution requested.  Will use 8 threads.
Random seed: 10044
Point estimation method: Block relaxation algorithm
Convergence acceleration algorithm: QuasiNewton, 3 secant conditions
Point estimation will terminate when objective function delta < 0.0001
Estimation of standard errors disabled; will compute point estimates only.
Size of G: 927x1209774
Performing five EM steps to prime main algorithm
1 (EM) 	Elapsed: 4.373	Loglikelihood: -4.81447e+08	(delta): 1.14277e+09
2 (EM) 	Elapsed: 4.417	Loglikelihood: -4.48056e+08	(delta): 3.33913e+07
3 (EM) 	Elapsed: 4.313	Loglikelihood: -4.44279e+08	(delta): 3.77651e+06
4 (EM) 	Elapsed: 4.172	Loglikelihood: -4.42476e+08	(delta): 1.80315e+06
5 (EM) 	Elapsed: 4.403	Loglikelihood: -4.41165e+08	(delta): 1.31085e+06
Initial loglikelihood: -4.41165e+08
Starting main algorithm
1 (QN/Block) 	Elapsed: 28.095	Loglikelihood: -4.01031e+08	(delta): 4.01342e+07
2 (QN/Block) 	Elapsed: 27.995	Loglikelihood: -3.87174e+08	(delta): 1.3857e+07
3 (QN/Block) 	Elapsed: 31.17	Loglikelihood: -3.83462e+08	(delta): 3.71213e+06
4 (QN/Block) 	Elapsed: 33.961	Loglikelihood: -3.81465e+08	(delta): 1.99655e+06
5 (QN/Block) 	Elapsed: 37.563	Loglikelihood: -3.80386e+08	(delta): 1.07879e+06
6 (QN/Block) 	Elapsed: 34.551	Loglikelihood: -3.79873e+08	(delta): 513697
7 (QN/Block) 	Elapsed: 31.313	Loglikelihood: -3.79655e+08	(delta): 217272
8 (QN/Block) 	Elapsed: 31.471	Loglikelihood: -3.79533e+08	(delta): 122439
9 (QN/Block) 	Elapsed: 31.509	Loglikelihood: -3.79483e+08	(delta): 50279.7
10 (QN/Block) 	Elapsed: 32.375	Loglikelihood: -3.79455e+08	(delta): 27906.6
11 (QN/Block) 	Elapsed: 35.186	Loglikelihood: -3.79445e+08	(delta): 9726.6
12 (QN/Block) 	Elapsed: 32.354	Loglikelihood: -3.79442e+08	(delta): 3192.92
13 (QN/Block) 	Elapsed: 33.781	Loglikelihood: -3.79441e+08	(delta): 921.509
14 (QN/Block) 	Elapsed: 34.002	Loglikelihood: -3.79441e+08	(delta): 188.356
15 (QN/Block) 	Elapsed: 32.829	Loglikelihood: -3.79441e+08	(delta): 55.8527
16 (QN/Block) 	Elapsed: 35.209	Loglikelihood: -3.79441e+08	(delta): 35.527
17 (QN/Block) 	Elapsed: 30.968	Loglikelihood: -3.79441e+08	(delta): 10.8977
18 (QN/Block) 	Elapsed: 31.024	Loglikelihood: -3.79441e+08	(delta): 3.34431
19 (QN/Block) 	Elapsed: 31.403	Loglikelihood: -3.79441e+08	(delta): 1.21601
20 (QN/Block) 	Elapsed: 30.521	Loglikelihood: -3.79441e+08	(delta): 1.28724
21 (QN/Block) 	Elapsed: 31.084	Loglikelihood: -3.79441e+08	(delta): 0.110428
22 (QN/Block) 	Elapsed: 30.845	Loglikelihood: -3.79441e+08	(delta): 0.033599
23 (QN/Block) 	Elapsed: 31.533	Loglikelihood: -3.79441e+08	(delta): 0.00793117
24 (QN/Block) 	Elapsed: 32.098	Loglikelihood: -3.79441e+08	(delta): 0.00152451
25 (QN/Block) 	Elapsed: 33.494	Loglikelihood: -3.79441e+08	(delta): 0.000293612
26 (QN/Block) 	Elapsed: 30.713	Loglikelihood: -3.79441e+08	(delta): 7.50422e-05
Summary: 
Converged in 26 iterations (903.568 sec)
Loglikelihood: -379440721.824040
Fst divergences between estimated populations: 
	Pop0	Pop1	Pop2	Pop3	Pop4	Pop5	Pop6	Pop7	Pop8	
Pop0	
Pop1	0.109	
Pop2	0.162	0.202	
Pop3	0.039	0.106	0.166	
Pop4	0.094	0.131	0.143	0.091	
Pop5	0.074	0.117	0.133	0.075	0.029	
Pop6	0.094	0.135	0.133	0.093	0.022	0.027	
Pop7	0.099	0.141	0.124	0.099	0.031	0.039	0.029	
Pop8	0.138	0.199	0.199	0.149	0.150	0.132	0.147	0.151	
Pop9	0.206	0.242	0.071	0.209	0.186	0.177	0.177	0.169	0.240	
CV error (K=10): 0.20975
Writing output files.
