****                   ADMIXTURE Version 1.4.0                  ****
****                    Copyright 2008-2025                     ****
****           David Alexander, Suyash Shringarpure,            ****
****                John Novembre, Ken Lange                    ****
****                                                            ****
****                 Please cite our paper!                     ****
****   Information at https://dalexander.github.io/admixture/   ****

Cross-validation will be performed.  Folds=5.
Parallel execution requested.  Will use 8 threads.
Random seed: 2043
Point estimation method: Block relaxation algorithm
Convergence acceleration algorithm: QuasiNewton, 3 secant conditions
Point estimation will terminate when objective function delta < 0.0001
Estimation of standard errors disabled; will compute point estimates only.
Size of G: 927x1209774
Performing five EM steps to prime main algorithm
1 (EM) 	Elapsed: 1.609	Loglikelihood: -4.62051e+08	(delta): 1.44182e+09
2 (EM) 	Elapsed: 2.27	Loglikelihood: -4.45161e+08	(delta): 1.6891e+07
3 (EM) 	Elapsed: 1.823	Loglikelihood: -4.42085e+08	(delta): 3.07595e+06
4 (EM) 	Elapsed: 1.821	Loglikelihood: -4.40498e+08	(delta): 1.5869e+06
5 (EM) 	Elapsed: 1.832	Loglikelihood: -4.39663e+08	(delta): 834604
Initial loglikelihood: -4.39663e+08
Starting main algorithm
1 (QN/Block) 	Elapsed: 5.258	Loglikelihood: -4.27452e+08	(delta): 1.2211e+07
2 (QN/Block) 	Elapsed: 5.181	Loglikelihood: -4.19606e+08	(delta): 7.84583e+06
3 (QN/Block) 	Elapsed: 6.275	Loglikelihood: -4.17404e+08	(delta): 2.2019e+06
4 (QN/Block) 	Elapsed: 7.061	Loglikelihood: -4.16637e+08	(delta): 767756
5 (QN/Block) 	Elapsed: 7.883	Loglikelihood: -4.16358e+08	(delta): 278789
6 (QN/Block) 	Elapsed: 10.258	Loglikelihood: -4.16326e+08	(delta): 31894.2
7 (QN/Block) 	Elapsed: 8.782	Loglikelihood: -4.16324e+08	(delta): 2224.67
8 (QN/Block) 	Elapsed: 6.515	Loglikelihood: -4.16323e+08	(delta): 359.019
9 (QN/Block) 	Elapsed: 9.564	Loglikelihood: -4.16323e+08	(delta): 42.9977
10 (QN/Block) 	Elapsed: 7.045	Loglikelihood: -4.16323e+08	(delta): 2.13895
11 (QN/Block) 	Elapsed: 6.592	Loglikelihood: -4.16323e+08	(delta): 0.329634
12 (QN/Block) 	Elapsed: 6.379	Loglikelihood: -4.16323e+08	(delta): 0.0481147
13 (QN/Block) 	Elapsed: 6.818	Loglikelihood: -4.16323e+08	(delta): 0.00735319
14 (QN/Block) 	Elapsed: 6.833	Loglikelihood: -4.16323e+08	(delta): 0.000969291
15 (QN/Block) 	Elapsed: 7.749	Loglikelihood: -4.16323e+08	(delta): 7.13468e-05
Summary: 
Converged in 15 iterations (136.486 sec)
Loglikelihood: -416323231.478567
Fst divergences between estimated populations: 
	Pop0	
Pop0	
Pop1	0.069	
CV error (K=2): 0.23363
Writing output files.
