****                   ADMIXTURE Version 1.4.0                  ****
****                    Copyright 2008-2025                     ****
****           David Alexander, Suyash Shringarpure,            ****
****                John Novembre, Ken Lange                    ****
****                                                            ****
****                 Please cite our paper!                     ****
****   Information at https://dalexander.github.io/admixture/   ****

Cross-validation will be performed.  Folds=5.
Parallel execution requested.  Will use 8 threads.
Random seed: 2044
Point estimation method: Block relaxation algorithm
Convergence acceleration algorithm: QuasiNewton, 3 secant conditions
Point estimation will terminate when objective function delta < 0.0001
Estimation of standard errors disabled; will compute point estimates only.
Size of G: 927x1209774
Performing five EM steps to prime main algorithm
1 (EM) 	Elapsed: 2.167	Loglikelihood: -4.62255e+08	(delta): 1.44715e+09
2 (EM) 	Elapsed: 1.64	Loglikelihood: -4.45106e+08	(delta): 1.71487e+07
3 (EM) 	Elapsed: 1.784	Loglikelihood: -4.41933e+08	(delta): 3.17338e+06
4 (EM) 	Elapsed: 1.619	Loglikelihood: -4.40332e+08	(delta): 1.60074e+06
5 (EM) 	Elapsed: 1.636	Loglikelihood: -4.39514e+08	(delta): 818194
Initial loglikelihood: -4.39514e+08
Starting main algorithm
1 (QN/Block) 	Elapsed: 4.808	Loglikelihood: -4.28005e+08	(delta): 1.15092e+07
2 (QN/Block) 	Elapsed: 4.813	Loglikelihood: -4.23474e+08	(delta): 4.53032e+06
3 (QN/Block) 	Elapsed: 7.014	Loglikelihood: -4.20654e+08	(delta): 2.82062e+06
4 (QN/Block) 	Elapsed: 8.705	Loglikelihood: -4.17532e+08	(delta): 3.1218e+06
5 (QN/Block) 	Elapsed: 7.294	Loglikelihood: -4.166e+08	(delta): 931891
6 (QN/Block) 	Elapsed: 8.701	Loglikelihood: -4.16409e+08	(delta): 191213
7 (QN/Block) 	Elapsed: 6.279	Loglikelihood: -4.16346e+08	(delta): 62832.7
8 (QN/Block) 	Elapsed: 6.139	Loglikelihood: -4.16325e+08	(delta): 20765.2
9 (QN/Block) 	Elapsed: 7.219	Loglikelihood: -4.16323e+08	(delta): 1849.01
10 (QN/Block) 	Elapsed: 7.021	Loglikelihood: -4.16323e+08	(delta): 72.463
11 (QN/Block) 	Elapsed: 6.345	Loglikelihood: -4.16323e+08	(delta): 37.6462
12 (QN/Block) 	Elapsed: 7.199	Loglikelihood: -4.16323e+08	(delta): 15.8047
13 (QN/Block) 	Elapsed: 6.893	Loglikelihood: -4.16323e+08	(delta): 0.975331
14 (QN/Block) 	Elapsed: 8.434	Loglikelihood: -4.16323e+08	(delta): 0.0231092
15 (QN/Block) 	Elapsed: 7.418	Loglikelihood: -4.16323e+08	(delta): 0.0105269
16 (QN/Block) 	Elapsed: 7.468	Loglikelihood: -4.16323e+08	(delta): 0.00306106
17 (QN/Block) 	Elapsed: 9.854	Loglikelihood: -4.16323e+08	(delta): -2.28882e-05
18 (QN/Block) 	Elapsed: 6.342	Loglikelihood: -4.16323e+08	(delta): -4.98891e-05
19 (QN/Block) 	Elapsed: 7.718	Loglikelihood: -4.16323e+08	(delta): 1.41859e-05
Summary: 
Converged in 19 iterations (166.752 sec)
Loglikelihood: -416323231.478657
Fst divergences between estimated populations: 
	Pop0	
Pop0	
Pop1	0.069	
CV error (K=2): 0.23360
Writing output files.
