****                   ADMIXTURE Version 1.4.0                  ****
****                    Copyright 2008-2025                     ****
****           David Alexander, Suyash Shringarpure,            ****
****                John Novembre, Ken Lange                    ****
****                                                            ****
****                 Please cite our paper!                     ****
****   Information at https://dalexander.github.io/admixture/   ****

Cross-validation will be performed.  Folds=5.
Parallel execution requested.  Will use 8 threads.
Random seed: 3044
Point estimation method: Block relaxation algorithm
Convergence acceleration algorithm: QuasiNewton, 3 secant conditions
Point estimation will terminate when objective function delta < 0.0001
Estimation of standard errors disabled; will compute point estimates only.
Size of G: 927x1209774
Performing five EM steps to prime main algorithm
1 (EM) 	Elapsed: 3.104	Loglikelihood: -4.72856e+08	(delta): 1.32044e+09
2 (EM) 	Elapsed: 2.666	Loglikelihood: -4.48014e+08	(delta): 2.4842e+07
3 (EM) 	Elapsed: 2.073	Loglikelihood: -4.44178e+08	(delta): 3.83694e+06
4 (EM) 	Elapsed: 2.507	Loglikelihood: -4.42032e+08	(delta): 2.1452e+06
5 (EM) 	Elapsed: 3.063	Loglikelihood: -4.40637e+08	(delta): 1.39528e+06
Initial loglikelihood: -4.40637e+08
Starting main algorithm
1 (QN/Block) 	Elapsed: 7.388	Loglikelihood: -4.17779e+08	(delta): 2.28584e+07
2 (QN/Block) 	Elapsed: 6.467	Loglikelihood: -4.03307e+08	(delta): 1.44714e+07
3 (QN/Block) 	Elapsed: 8.465	Loglikelihood: -3.99107e+08	(delta): 4.20059e+06
4 (QN/Block) 	Elapsed: 9.033	Loglikelihood: -3.97664e+08	(delta): 1.44229e+06
5 (QN/Block) 	Elapsed: 9.423	Loglikelihood: -3.97055e+08	(delta): 609283
6 (QN/Block) 	Elapsed: 9.533	Loglikelihood: -3.96938e+08	(delta): 117155
7 (QN/Block) 	Elapsed: 11.112	Loglikelihood: -3.96914e+08	(delta): 23775.3
8 (QN/Block) 	Elapsed: 8.556	Loglikelihood: -3.9691e+08	(delta): 4072.64
9 (QN/Block) 	Elapsed: 8.102	Loglikelihood: -3.96909e+08	(delta): 1209.34
10 (QN/Block) 	Elapsed: 8.164	Loglikelihood: -3.96909e+08	(delta): 288.373
11 (QN/Block) 	Elapsed: 10.792	Loglikelihood: -3.96909e+08	(delta): 5.02224
12 (QN/Block) 	Elapsed: 8.845	Loglikelihood: -3.96909e+08	(delta): 0.0306206
13 (QN/Block) 	Elapsed: 8.314	Loglikelihood: -3.96909e+08	(delta): 0.00690389
14 (QN/Block) 	Elapsed: 7.994	Loglikelihood: -3.96909e+08	(delta): 0.000135958
15 (QN/Block) 	Elapsed: 8.414	Loglikelihood: -3.96909e+08	(delta): 8.27909e-05
Summary: 
Converged in 15 iterations (166.437 sec)
Loglikelihood: -396908663.083073
Fst divergences between estimated populations: 
	Pop0	Pop1	
Pop0	
Pop1	0.156	
Pop2	0.071	0.133	
CV error (K=3): 0.21704
Writing output files.
