****                   ADMIXTURE Version 1.4.0                  ****
****                    Copyright 2008-2025                     ****
****           David Alexander, Suyash Shringarpure,            ****
****                John Novembre, Ken Lange                    ****
****                                                            ****
****                 Please cite our paper!                     ****
****   Information at https://dalexander.github.io/admixture/   ****

Cross-validation will be performed.  Folds=5.
Parallel execution requested.  Will use 8 threads.
Random seed: 3047
Point estimation method: Block relaxation algorithm
Convergence acceleration algorithm: QuasiNewton, 3 secant conditions
Point estimation will terminate when objective function delta < 0.0001
Estimation of standard errors disabled; will compute point estimates only.
Size of G: 927x1209774
Performing five EM steps to prime main algorithm
1 (EM) 	Elapsed: 2.069	Loglikelihood: -4.73097e+08	(delta): 1.31822e+09
2 (EM) 	Elapsed: 2.02	Loglikelihood: -4.47998e+08	(delta): 2.50991e+07
3 (EM) 	Elapsed: 2.065	Loglikelihood: -4.44195e+08	(delta): 3.80292e+06
4 (EM) 	Elapsed: 2.292	Loglikelihood: -4.4208e+08	(delta): 2.11434e+06
5 (EM) 	Elapsed: 2.357	Loglikelihood: -4.40686e+08	(delta): 1.39441e+06
Initial loglikelihood: -4.40686e+08
Starting main algorithm
1 (QN/Block) 	Elapsed: 6.724	Loglikelihood: -4.14638e+08	(delta): 2.60479e+07
2 (QN/Block) 	Elapsed: 7.108	Loglikelihood: -4.04095e+08	(delta): 1.0543e+07
3 (QN/Block) 	Elapsed: 9.136	Loglikelihood: -4.01038e+08	(delta): 3.05747e+06
4 (QN/Block) 	Elapsed: 10.567	Loglikelihood: -3.9892e+08	(delta): 2.11796e+06
5 (QN/Block) 	Elapsed: 9.861	Loglikelihood: -3.9771e+08	(delta): 1.20956e+06
6 (QN/Block) 	Elapsed: 9.429	Loglikelihood: -3.97108e+08	(delta): 602166
7 (QN/Block) 	Elapsed: 10.141	Loglikelihood: -3.96971e+08	(delta): 136933
8 (QN/Block) 	Elapsed: 8.931	Loglikelihood: -3.96933e+08	(delta): 37989.3
9 (QN/Block) 	Elapsed: 10.425	Loglikelihood: -3.96912e+08	(delta): 21117.9
10 (QN/Block) 	Elapsed: 11.519	Loglikelihood: -3.96909e+08	(delta): 2968.48
11 (QN/Block) 	Elapsed: 10.262	Loglikelihood: -3.96909e+08	(delta): 117.267
12 (QN/Block) 	Elapsed: 11.622	Loglikelihood: -3.96909e+08	(delta): 5.50652
13 (QN/Block) 	Elapsed: 8.611	Loglikelihood: -3.96909e+08	(delta): 0.234612
14 (QN/Block) 	Elapsed: 8.704	Loglikelihood: -3.96909e+08	(delta): 0.10568
15 (QN/Block) 	Elapsed: 9.741	Loglikelihood: -3.96909e+08	(delta): 0.0389673
16 (QN/Block) 	Elapsed: 9.001	Loglikelihood: -3.96909e+08	(delta): 0.000330508
17 (QN/Block) 	Elapsed: 8.811	Loglikelihood: -3.96909e+08	(delta): -3.09944e-06
18 (QN/Block) 	Elapsed: 9.324	Loglikelihood: -3.96909e+08	(delta): 1.47223e-05
Summary: 
Converged in 18 iterations (203.871 sec)
Loglikelihood: -396908896.158856
Fst divergences between estimated populations: 
	Pop0	Pop1	
Pop0	
Pop1	0.156	
Pop2	0.071	0.133	
CV error (K=3): 0.21703
Writing output files.
