****                   ADMIXTURE Version 1.4.0                  ****
****                    Copyright 2008-2025                     ****
****           David Alexander, Suyash Shringarpure,            ****
****                John Novembre, Ken Lange                    ****
****                                                            ****
****                 Please cite our paper!                     ****
****   Information at https://dalexander.github.io/admixture/   ****

Cross-validation will be performed.  Folds=5.
Parallel execution requested.  Will use 8 threads.
Random seed: 3046
Point estimation method: Block relaxation algorithm
Convergence acceleration algorithm: QuasiNewton, 3 secant conditions
Point estimation will terminate when objective function delta < 0.0001
Estimation of standard errors disabled; will compute point estimates only.
Size of G: 927x1209774
Performing five EM steps to prime main algorithm
1 (EM) 	Elapsed: 2.323	Loglikelihood: -4.72682e+08	(delta): 1.32186e+09
2 (EM) 	Elapsed: 2.262	Loglikelihood: -4.47945e+08	(delta): 2.47363e+07
3 (EM) 	Elapsed: 2.296	Loglikelihood: -4.44078e+08	(delta): 3.8671e+06
4 (EM) 	Elapsed: 2.629	Loglikelihood: -4.41931e+08	(delta): 2.147e+06
5 (EM) 	Elapsed: 2.695	Loglikelihood: -4.40544e+08	(delta): 1.38735e+06
Initial loglikelihood: -4.40544e+08
Starting main algorithm
1 (QN/Block) 	Elapsed: 6.406	Loglikelihood: -4.18453e+08	(delta): 2.20912e+07
2 (QN/Block) 	Elapsed: 6.246	Loglikelihood: -4.09981e+08	(delta): 8.47138e+06
3 (QN/Block) 	Elapsed: 10.469	Loglikelihood: -4.02693e+08	(delta): 7.28833e+06
4 (QN/Block) 	Elapsed: 8.864	Loglikelihood: -3.98728e+08	(delta): 3.96448e+06
5 (QN/Block) 	Elapsed: 9.005	Loglikelihood: -3.97223e+08	(delta): 1.50537e+06
6 (QN/Block) 	Elapsed: 8.528	Loglikelihood: -3.96966e+08	(delta): 256752
7 (QN/Block) 	Elapsed: 8.802	Loglikelihood: -3.96923e+08	(delta): 43776.7
8 (QN/Block) 	Elapsed: 8.649	Loglikelihood: -3.96913e+08	(delta): 9877.61
9 (QN/Block) 	Elapsed: 10.987	Loglikelihood: -3.9691e+08	(delta): 2489.98
10 (QN/Block) 	Elapsed: 10.639	Loglikelihood: -3.96909e+08	(delta): 908.808
11 (QN/Block) 	Elapsed: 12.073	Loglikelihood: -3.96909e+08	(delta): 481.437
12 (QN/Block) 	Elapsed: 11.962	Loglikelihood: -3.96909e+08	(delta): 80.9119
13 (QN/Block) 	Elapsed: 11.617	Loglikelihood: -3.96909e+08	(delta): 0.955705
14 (QN/Block) 	Elapsed: 8.529	Loglikelihood: -3.96909e+08	(delta): 0.0551511
15 (QN/Block) 	Elapsed: 9.19	Loglikelihood: -3.96909e+08	(delta): 0.0024122
16 (QN/Block) 	Elapsed: 8.759	Loglikelihood: -3.96909e+08	(delta): 0.000184536
17 (QN/Block) 	Elapsed: 9.775	Loglikelihood: -3.96909e+08	(delta): 4.65512e-05
Summary: 
Converged in 17 iterations (195.22 sec)
Loglikelihood: -396908749.312114
Fst divergences between estimated populations: 
	Pop0	Pop1	
Pop0	
Pop1	0.133	
Pop2	0.071	0.156	
CV error (K=3): 0.21708
Writing output files.
