****                   ADMIXTURE Version 1.4.0                  ****
****                    Copyright 2008-2025                     ****
****           David Alexander, Suyash Shringarpure,            ****
****                John Novembre, Ken Lange                    ****
****                                                            ****
****                 Please cite our paper!                     ****
****   Information at https://dalexander.github.io/admixture/   ****

Cross-validation will be performed.  Folds=5.
Parallel execution requested.  Will use 8 threads.
Random seed: 5044
Point estimation method: Block relaxation algorithm
Convergence acceleration algorithm: QuasiNewton, 3 secant conditions
Point estimation will terminate when objective function delta < 0.0001
Estimation of standard errors disabled; will compute point estimates only.
Size of G: 927x1209774
Performing five EM steps to prime main algorithm
1 (EM) 	Elapsed: 3.481	Loglikelihood: -4.79399e+08	(delta): 1.21898e+09
2 (EM) 	Elapsed: 3.759	Loglikelihood: -4.49174e+08	(delta): 3.02248e+07
3 (EM) 	Elapsed: 2.601	Loglikelihood: -4.45057e+08	(delta): 4.11738e+06
4 (EM) 	Elapsed: 2.669	Loglikelihood: -4.4291e+08	(delta): 2.14718e+06
5 (EM) 	Elapsed: 3.606	Loglikelihood: -4.41378e+08	(delta): 1.53177e+06
Initial loglikelihood: -4.41378e+08
Starting main algorithm
1 (QN/Block) 	Elapsed: 10.647	Loglikelihood: -4.06926e+08	(delta): 3.44521e+07
2 (QN/Block) 	Elapsed: 11.008	Loglikelihood: -3.94399e+08	(delta): 1.25269e+07
3 (QN/Block) 	Elapsed: 16.056	Loglikelihood: -3.90915e+08	(delta): 3.48362e+06
4 (QN/Block) 	Elapsed: 14.458	Loglikelihood: -3.89062e+08	(delta): 1.85302e+06
5 (QN/Block) 	Elapsed: 15.51	Loglikelihood: -3.88393e+08	(delta): 669214
6 (QN/Block) 	Elapsed: 13.554	Loglikelihood: -3.88112e+08	(delta): 281228
7 (QN/Block) 	Elapsed: 15.098	Loglikelihood: -3.87931e+08	(delta): 180840
8 (QN/Block) 	Elapsed: 15.711	Loglikelihood: -3.87825e+08	(delta): 105571
9 (QN/Block) 	Elapsed: 15.322	Loglikelihood: -3.87749e+08	(delta): 76767.2
10 (QN/Block) 	Elapsed: 14.483	Loglikelihood: -3.87717e+08	(delta): 31431
11 (QN/Block) 	Elapsed: 14.559	Loglikelihood: -3.87708e+08	(delta): 8722.25
12 (QN/Block) 	Elapsed: 16.361	Loglikelihood: -3.87706e+08	(delta): 2335.77
13 (QN/Block) 	Elapsed: 16.057	Loglikelihood: -3.87706e+08	(delta): 535.458
14 (QN/Block) 	Elapsed: 13.98	Loglikelihood: -3.87705e+08	(delta): 148.784
15 (QN/Block) 	Elapsed: 13.646	Loglikelihood: -3.87705e+08	(delta): 72.0201
16 (QN/Block) 	Elapsed: 14.468	Loglikelihood: -3.87705e+08	(delta): 14.6528
17 (QN/Block) 	Elapsed: 13.254	Loglikelihood: -3.87705e+08	(delta): 2.79648
18 (QN/Block) 	Elapsed: 14.765	Loglikelihood: -3.87705e+08	(delta): 1.0223
19 (QN/Block) 	Elapsed: 14.198	Loglikelihood: -3.87705e+08	(delta): 0.141361
20 (QN/Block) 	Elapsed: 13.241	Loglikelihood: -3.87705e+08	(delta): 0.0305226
21 (QN/Block) 	Elapsed: 12.884	Loglikelihood: -3.87705e+08	(delta): 0.000445008
22 (QN/Block) 	Elapsed: 16.39	Loglikelihood: -3.87705e+08	(delta): 7.80821e-05
Summary: 
Converged in 22 iterations (365.571 sec)
Loglikelihood: -387705381.400309
Fst divergences between estimated populations: 
	Pop0	Pop1	Pop2	Pop3	
Pop0	
Pop1	0.181	
Pop2	0.161	0.112	
Pop3	0.136	0.127	0.082	
Pop4	0.202	0.174	0.104	0.125	
CV error (K=5): 0.21038
Writing output files.
