****                   ADMIXTURE Version 1.4.0                  ****
****                    Copyright 2008-2025                     ****
****           David Alexander, Suyash Shringarpure,            ****
****                John Novembre, Ken Lange                    ****
****                                                            ****
****                 Please cite our paper!                     ****
****   Information at https://dalexander.github.io/admixture/   ****

Cross-validation will be performed.  Folds=5.
Parallel execution requested.  Will use 8 threads.
Random seed: 6045
Point estimation method: Block relaxation algorithm
Convergence acceleration algorithm: QuasiNewton, 3 secant conditions
Point estimation will terminate when objective function delta < 0.0001
Estimation of standard errors disabled; will compute point estimates only.
Size of G: 927x1209774
Performing five EM steps to prime main algorithm
1 (EM) 	Elapsed: 2.822	Loglikelihood: -4.80554e+08	(delta): 1.1913e+09
2 (EM) 	Elapsed: 2.807	Loglikelihood: -4.49041e+08	(delta): 3.15131e+07
3 (EM) 	Elapsed: 2.808	Loglikelihood: -4.45087e+08	(delta): 3.95359e+06
4 (EM) 	Elapsed: 2.805	Loglikelihood: -4.43117e+08	(delta): 1.97025e+06
5 (EM) 	Elapsed: 3.561	Loglikelihood: -4.41699e+08	(delta): 1.41782e+06
Initial loglikelihood: -4.41699e+08
Starting main algorithm
1 (QN/Block) 	Elapsed: 13.744	Loglikelihood: -4.05695e+08	(delta): 3.60036e+07
2 (QN/Block) 	Elapsed: 14.247	Loglikelihood: -3.92412e+08	(delta): 1.32829e+07
3 (QN/Block) 	Elapsed: 16.493	Loglikelihood: -3.88149e+08	(delta): 4.26327e+06
4 (QN/Block) 	Elapsed: 17.955	Loglikelihood: -3.86681e+08	(delta): 1.46803e+06
5 (QN/Block) 	Elapsed: 16.101	Loglikelihood: -3.85951e+08	(delta): 730538
6 (QN/Block) 	Elapsed: 19.237	Loglikelihood: -3.85548e+08	(delta): 402230
7 (QN/Block) 	Elapsed: 18.671	Loglikelihood: -3.85252e+08	(delta): 296179
8 (QN/Block) 	Elapsed: 17.178	Loglikelihood: -3.85076e+08	(delta): 176134
9 (QN/Block) 	Elapsed: 23.547	Loglikelihood: -3.85028e+08	(delta): 48201.6
10 (QN/Block) 	Elapsed: 17.101	Loglikelihood: -3.85016e+08	(delta): 12340.5
11 (QN/Block) 	Elapsed: 15.004	Loglikelihood: -3.85013e+08	(delta): 2656.08
12 (QN/Block) 	Elapsed: 15.282	Loglikelihood: -3.85012e+08	(delta): 859.806
13 (QN/Block) 	Elapsed: 18.898	Loglikelihood: -3.85012e+08	(delta): 303.921
14 (QN/Block) 	Elapsed: 17.058	Loglikelihood: -3.85012e+08	(delta): 76.5004
15 (QN/Block) 	Elapsed: 22.603	Loglikelihood: -3.85012e+08	(delta): 21.0014
16 (QN/Block) 	Elapsed: 17.112	Loglikelihood: -3.85012e+08	(delta): 3.20386
17 (QN/Block) 	Elapsed: 16.933	Loglikelihood: -3.85012e+08	(delta): 0.290861
18 (QN/Block) 	Elapsed: 17.105	Loglikelihood: -3.85012e+08	(delta): 0.044085
19 (QN/Block) 	Elapsed: 17.137	Loglikelihood: -3.85012e+08	(delta): 0.00234687
20 (QN/Block) 	Elapsed: 16.343	Loglikelihood: -3.85012e+08	(delta): 0.000470221
21 (QN/Block) 	Elapsed: 16.663	Loglikelihood: -3.85012e+08	(delta): -1.23978e-05
22 (QN/Block) 	Elapsed: 20.783	Loglikelihood: -3.85012e+08	(delta): 3.23653e-05
Summary: 
Converged in 22 iterations (431.841 sec)
Loglikelihood: -385011602.045712
Fst divergences between estimated populations: 
	Pop0	Pop1	Pop2	Pop3	Pop4	
Pop0	
Pop1	0.071	
Pop2	0.089	0.026	
Pop3	0.133	0.131	0.145	
Pop4	0.162	0.135	0.140	0.198	
Pop5	0.104	0.117	0.132	0.197	0.203	
CV error (K=6): 0.20905
Writing output files.
