****                   ADMIXTURE Version 1.4.0                  ****
****                    Copyright 2008-2025                     ****
****           David Alexander, Suyash Shringarpure,            ****
****                John Novembre, Ken Lange                    ****
****                                                            ****
****                 Please cite our paper!                     ****
****   Information at https://dalexander.github.io/admixture/   ****

Cross-validation will be performed.  Folds=5.
Parallel execution requested.  Will use 8 threads.
Random seed: 6044
Point estimation method: Block relaxation algorithm
Convergence acceleration algorithm: QuasiNewton, 3 secant conditions
Point estimation will terminate when objective function delta < 0.0001
Estimation of standard errors disabled; will compute point estimates only.
Size of G: 927x1209774
Performing five EM steps to prime main algorithm
1 (EM) 	Elapsed: 4.299	Loglikelihood: -4.80593e+08	(delta): 1.19098e+09
2 (EM) 	Elapsed: 2.83	Loglikelihood: -4.49046e+08	(delta): 3.15468e+07
3 (EM) 	Elapsed: 2.52	Loglikelihood: -4.45063e+08	(delta): 3.98287e+06
4 (EM) 	Elapsed: 2.669	Loglikelihood: -4.43081e+08	(delta): 1.98203e+06
5 (EM) 	Elapsed: 2.525	Loglikelihood: -4.41653e+08	(delta): 1.42834e+06
Initial loglikelihood: -4.41653e+08
Starting main algorithm
1 (QN/Block) 	Elapsed: 12.192	Loglikelihood: -4.0511e+08	(delta): 3.65425e+07
2 (QN/Block) 	Elapsed: 12.133	Loglikelihood: -3.92444e+08	(delta): 1.2666e+07
3 (QN/Block) 	Elapsed: 14.539	Loglikelihood: -3.88664e+08	(delta): 3.78028e+06
4 (QN/Block) 	Elapsed: 16.297	Loglikelihood: -3.86853e+08	(delta): 1.81076e+06
5 (QN/Block) 	Elapsed: 16.821	Loglikelihood: -3.85897e+08	(delta): 955948
6 (QN/Block) 	Elapsed: 16.079	Loglikelihood: -3.85365e+08	(delta): 531842
7 (QN/Block) 	Elapsed: 17.337	Loglikelihood: -3.85082e+08	(delta): 283192
8 (QN/Block) 	Elapsed: 14.523	Loglikelihood: -3.85031e+08	(delta): 50899.7
9 (QN/Block) 	Elapsed: 15.324	Loglikelihood: -3.85015e+08	(delta): 15713.9
10 (QN/Block) 	Elapsed: 16.528	Loglikelihood: -3.85012e+08	(delta): 3155.87
11 (QN/Block) 	Elapsed: 16.214	Loglikelihood: -3.85012e+08	(delta): 549.578
12 (QN/Block) 	Elapsed: 16.218	Loglikelihood: -3.85012e+08	(delta): 83.6111
13 (QN/Block) 	Elapsed: 14.4	Loglikelihood: -3.85012e+08	(delta): 32.2992
14 (QN/Block) 	Elapsed: 14.554	Loglikelihood: -3.85012e+08	(delta): 16.7218
15 (QN/Block) 	Elapsed: 14.734	Loglikelihood: -3.85012e+08	(delta): 0.95208
16 (QN/Block) 	Elapsed: 14.35	Loglikelihood: -3.85012e+08	(delta): 0.0741573
17 (QN/Block) 	Elapsed: 14.243	Loglikelihood: -3.85012e+08	(delta): 0.00344801
18 (QN/Block) 	Elapsed: 14.381	Loglikelihood: -3.85012e+08	(delta): 0.000309646
19 (QN/Block) 	Elapsed: 14.279	Loglikelihood: -3.85012e+08	(delta): 5.1856e-06
Summary: 
Converged in 19 iterations (326.095 sec)
Loglikelihood: -385011643.928021
Fst divergences between estimated populations: 
	Pop0	Pop1	Pop2	Pop3	Pop4	
Pop0	
Pop1	0.089	
Pop2	0.026	0.071	
Pop3	0.132	0.104	0.117	
Pop4	0.140	0.162	0.135	0.203	
Pop5	0.145	0.133	0.131	0.197	0.198	
CV error (K=6): 0.20907
Writing output files.
