****                   ADMIXTURE Version 1.4.0                  ****
****                    Copyright 2008-2025                     ****
****           David Alexander, Suyash Shringarpure,            ****
****                John Novembre, Ken Lange                    ****
****                                                            ****
****                 Please cite our paper!                     ****
****   Information at https://dalexander.github.io/admixture/   ****

Cross-validation will be performed.  Folds=5.
Parallel execution requested.  Will use 8 threads.
Random seed: 6043
Point estimation method: Block relaxation algorithm
Convergence acceleration algorithm: QuasiNewton, 3 secant conditions
Point estimation will terminate when objective function delta < 0.0001
Estimation of standard errors disabled; will compute point estimates only.
Size of G: 927x1209774
Performing five EM steps to prime main algorithm
1 (EM) 	Elapsed: 3.278	Loglikelihood: -4.80489e+08	(delta): 1.19108e+09
2 (EM) 	Elapsed: 3.722	Loglikelihood: -4.49121e+08	(delta): 3.13681e+07
3 (EM) 	Elapsed: 3.587	Loglikelihood: -4.4514e+08	(delta): 3.98144e+06
4 (EM) 	Elapsed: 3.779	Loglikelihood: -4.43154e+08	(delta): 1.9856e+06
5 (EM) 	Elapsed: 3.244	Loglikelihood: -4.41735e+08	(delta): 1.41952e+06
Initial loglikelihood: -4.41735e+08
Starting main algorithm
1 (QN/Block) 	Elapsed: 13.956	Loglikelihood: -4.05594e+08	(delta): 3.61408e+07
2 (QN/Block) 	Elapsed: 14.38	Loglikelihood: -3.92541e+08	(delta): 1.30532e+07
3 (QN/Block) 	Elapsed: 20.382	Loglikelihood: -3.88344e+08	(delta): 4.19699e+06
4 (QN/Block) 	Elapsed: 17.49	Loglikelihood: -3.86519e+08	(delta): 1.82496e+06
5 (QN/Block) 	Elapsed: 18.705	Loglikelihood: -3.85828e+08	(delta): 691107
6 (QN/Block) 	Elapsed: 17.24	Loglikelihood: -3.85479e+08	(delta): 348927
7 (QN/Block) 	Elapsed: 16.132	Loglikelihood: -3.85289e+08	(delta): 189252
8 (QN/Block) 	Elapsed: 16.08	Loglikelihood: -3.85165e+08	(delta): 124830
9 (QN/Block) 	Elapsed: 16.098	Loglikelihood: -3.85059e+08	(delta): 105754
10 (QN/Block) 	Elapsed: 16.876	Loglikelihood: -3.85022e+08	(delta): 36508.7
11 (QN/Block) 	Elapsed: 21.582	Loglikelihood: -3.85013e+08	(delta): 9006.73
12 (QN/Block) 	Elapsed: 18.265	Loglikelihood: -3.85012e+08	(delta): 1500.58
13 (QN/Block) 	Elapsed: 16.686	Loglikelihood: -3.85012e+08	(delta): 252.967
14 (QN/Block) 	Elapsed: 16.069	Loglikelihood: -3.85012e+08	(delta): 27.4335
15 (QN/Block) 	Elapsed: 17.66	Loglikelihood: -3.85012e+08	(delta): 3.36228
16 (QN/Block) 	Elapsed: 15.948	Loglikelihood: -3.85012e+08	(delta): 0.680158
17 (QN/Block) 	Elapsed: 15.406	Loglikelihood: -3.85012e+08	(delta): 0.2896
18 (QN/Block) 	Elapsed: 19.971	Loglikelihood: -3.85012e+08	(delta): 0.146106
19 (QN/Block) 	Elapsed: 19.311	Loglikelihood: -3.85012e+08	(delta): 0.00256205
20 (QN/Block) 	Elapsed: 15.268	Loglikelihood: -3.85012e+08	(delta): 0.000154078
21 (QN/Block) 	Elapsed: 16.696	Loglikelihood: -3.85012e+08	(delta): 8.9407e-06
Summary: 
Converged in 21 iterations (411.368 sec)
Loglikelihood: -385011590.595067
Fst divergences between estimated populations: 
	Pop0	Pop1	Pop2	Pop3	Pop4	
Pop0	
Pop1	0.132	
Pop2	0.145	0.197	
Pop3	0.026	0.117	0.131	
Pop4	0.140	0.203	0.198	0.135	
Pop5	0.089	0.104	0.133	0.071	0.162	
CV error (K=6): 0.20905
Writing output files.
