****                   ADMIXTURE Version 1.4.0                  ****
****                    Copyright 2008-2025                     ****
****           David Alexander, Suyash Shringarpure,            ****
****                John Novembre, Ken Lange                    ****
****                                                            ****
****                 Please cite our paper!                     ****
****   Information at https://dalexander.github.io/admixture/   ****

Cross-validation will be performed.  Folds=5.
Parallel execution requested.  Will use 8 threads.
Random seed: 7045
Point estimation method: Block relaxation algorithm
Convergence acceleration algorithm: QuasiNewton, 3 secant conditions
Point estimation will terminate when objective function delta < 0.0001
Estimation of standard errors disabled; will compute point estimates only.
Size of G: 927x1209774
Performing five EM steps to prime main algorithm
1 (EM) 	Elapsed: 4.134	Loglikelihood: -4.81037e+08	(delta): 1.17226e+09
2 (EM) 	Elapsed: 3.724	Loglikelihood: -4.48799e+08	(delta): 3.22379e+07
3 (EM) 	Elapsed: 3.788	Loglikelihood: -4.44908e+08	(delta): 3.89174e+06
4 (EM) 	Elapsed: 4.336	Loglikelihood: -4.43023e+08	(delta): 1.88494e+06
5 (EM) 	Elapsed: 4.163	Loglikelihood: -4.41666e+08	(delta): 1.35631e+06
Initial loglikelihood: -4.41666e+08
Starting main algorithm
1 (QN/Block) 	Elapsed: 20.697	Loglikelihood: -4.06262e+08	(delta): 3.5404e+07
2 (QN/Block) 	Elapsed: 19.861	Loglikelihood: -3.90495e+08	(delta): 1.57674e+07
3 (QN/Block) 	Elapsed: 25	Loglikelihood: -3.86412e+08	(delta): 4.08237e+06
4 (QN/Block) 	Elapsed: 29.884	Loglikelihood: -3.84756e+08	(delta): 1.6565e+06
5 (QN/Block) 	Elapsed: 20.715	Loglikelihood: -3.84012e+08	(delta): 744351
6 (QN/Block) 	Elapsed: 20.266	Loglikelihood: -3.83708e+08	(delta): 303796
7 (QN/Block) 	Elapsed: 20.19	Loglikelihood: -3.83534e+08	(delta): 174276
8 (QN/Block) 	Elapsed: 21.496	Loglikelihood: -3.83421e+08	(delta): 112729
9 (QN/Block) 	Elapsed: 25.031	Loglikelihood: -3.83296e+08	(delta): 124509
10 (QN/Block) 	Elapsed: 26.584	Loglikelihood: -3.83252e+08	(delta): 44764.9
11 (QN/Block) 	Elapsed: 22.633	Loglikelihood: -3.83241e+08	(delta): 10171.8
12 (QN/Block) 	Elapsed: 24.724	Loglikelihood: -3.83239e+08	(delta): 2142.21
13 (QN/Block) 	Elapsed: 28.769	Loglikelihood: -3.83239e+08	(delta): 425.965
14 (QN/Block) 	Elapsed: 21.309	Loglikelihood: -3.83239e+08	(delta): 40.6334
15 (QN/Block) 	Elapsed: 26.12	Loglikelihood: -3.83239e+08	(delta): 3.37047
16 (QN/Block) 	Elapsed: 28.163	Loglikelihood: -3.83239e+08	(delta): 1.07322
17 (QN/Block) 	Elapsed: 22.35	Loglikelihood: -3.83239e+08	(delta): 0.161636
18 (QN/Block) 	Elapsed: 23.097	Loglikelihood: -3.83239e+08	(delta): 0.10057
19 (QN/Block) 	Elapsed: 27.642	Loglikelihood: -3.83239e+08	(delta): 0.00260675
20 (QN/Block) 	Elapsed: 24.709	Loglikelihood: -3.83239e+08	(delta): 0.000402212
21 (QN/Block) 	Elapsed: 20.018	Loglikelihood: -3.83239e+08	(delta): 9.7394e-05
Summary: 
Converged in 21 iterations (560.15 sec)
Loglikelihood: -383238743.426194
Fst divergences between estimated populations: 
	Pop0	Pop1	Pop2	Pop3	Pop4	Pop5	
Pop0	
Pop1	0.134	
Pop2	0.162	0.198	
Pop3	0.105	0.197	0.203	
Pop4	0.092	0.146	0.130	0.137	
Pop5	0.091	0.148	0.145	0.131	0.024	
Pop6	0.071	0.131	0.135	0.117	0.032	0.028	
CV error (K=7): 0.20864
Writing output files.
