****                   ADMIXTURE Version 1.4.0                  ****
****                    Copyright 2008-2025                     ****
****           David Alexander, Suyash Shringarpure,            ****
****                John Novembre, Ken Lange                    ****
****                                                            ****
****                 Please cite our paper!                     ****
****   Information at https://dalexander.github.io/admixture/   ****

Cross-validation will be performed.  Folds=5.
Parallel execution requested.  Will use 8 threads.
Random seed: 7047
Point estimation method: Block relaxation algorithm
Convergence acceleration algorithm: QuasiNewton, 3 secant conditions
Point estimation will terminate when objective function delta < 0.0001
Estimation of standard errors disabled; will compute point estimates only.
Size of G: 927x1209774
Performing five EM steps to prime main algorithm
1 (EM) 	Elapsed: 3.613	Loglikelihood: -4.81021e+08	(delta): 1.17284e+09
2 (EM) 	Elapsed: 3.259	Loglikelihood: -4.48768e+08	(delta): 3.22534e+07
3 (EM) 	Elapsed: 3.191	Loglikelihood: -4.44858e+08	(delta): 3.91014e+06
4 (EM) 	Elapsed: 3.397	Loglikelihood: -4.42954e+08	(delta): 1.90367e+06
5 (EM) 	Elapsed: 3.955	Loglikelihood: -4.41575e+08	(delta): 1.37869e+06
Initial loglikelihood: -4.41575e+08
Starting main algorithm
1 (QN/Block) 	Elapsed: 17.709	Loglikelihood: -4.04758e+08	(delta): 3.68168e+07
2 (QN/Block) 	Elapsed: 17.736	Loglikelihood: -3.90766e+08	(delta): 1.39924e+07
3 (QN/Block) 	Elapsed: 20.186	Loglikelihood: -3.87016e+08	(delta): 3.75006e+06
4 (QN/Block) 	Elapsed: 21.288	Loglikelihood: -3.85342e+08	(delta): 1.67374e+06
5 (QN/Block) 	Elapsed: 24.828	Loglikelihood: -3.84356e+08	(delta): 985773
6 (QN/Block) 	Elapsed: 23.962	Loglikelihood: -3.83816e+08	(delta): 540308
7 (QN/Block) 	Elapsed: 23.607	Loglikelihood: -3.83566e+08	(delta): 249890
8 (QN/Block) 	Elapsed: 21.894	Loglikelihood: -3.83367e+08	(delta): 199273
9 (QN/Block) 	Elapsed: 23.187	Loglikelihood: -3.8328e+08	(delta): 87247.8
10 (QN/Block) 	Elapsed: 22.342	Loglikelihood: -3.83251e+08	(delta): 28828
11 (QN/Block) 	Elapsed: 20.802	Loglikelihood: -3.83242e+08	(delta): 8827.33
12 (QN/Block) 	Elapsed: 20.047	Loglikelihood: -3.8324e+08	(delta): 2215.2
13 (QN/Block) 	Elapsed: 20.04	Loglikelihood: -3.83239e+08	(delta): 966.276
14 (QN/Block) 	Elapsed: 20.132	Loglikelihood: -3.83239e+08	(delta): 190.83
15 (QN/Block) 	Elapsed: 20.14	Loglikelihood: -3.83239e+08	(delta): 50.4357
16 (QN/Block) 	Elapsed: 20.272	Loglikelihood: -3.83239e+08	(delta): 13.6856
17 (QN/Block) 	Elapsed: 20.543	Loglikelihood: -3.83239e+08	(delta): 1.79122
18 (QN/Block) 	Elapsed: 21.207	Loglikelihood: -3.83239e+08	(delta): 0.311435
19 (QN/Block) 	Elapsed: 19.684	Loglikelihood: -3.83239e+08	(delta): 0.0866582
20 (QN/Block) 	Elapsed: 19.998	Loglikelihood: -3.83239e+08	(delta): 0.00451368
21 (QN/Block) 	Elapsed: 20.614	Loglikelihood: -3.83239e+08	(delta): 0.00080198
22 (QN/Block) 	Elapsed: 19.962	Loglikelihood: -3.83239e+08	(delta): 0.000105202
23 (QN/Block) 	Elapsed: 19.222	Loglikelihood: -3.83239e+08	(delta): -3.05176e-05
24 (QN/Block) 	Elapsed: 19.907	Loglikelihood: -3.83239e+08	(delta): 4.29749e-05
Summary: 
Converged in 24 iterations (553.76 sec)
Loglikelihood: -383238624.319665
Fst divergences between estimated populations: 
	Pop0	Pop1	Pop2	Pop3	Pop4	Pop5	
Pop0	
Pop1	0.135	
Pop2	0.130	0.032	
Pop3	0.198	0.131	0.146	
Pop4	0.162	0.071	0.092	0.134	
Pop5	0.203	0.117	0.137	0.197	0.105	
Pop6	0.145	0.028	0.024	0.148	0.091	0.131	
CV error (K=7): 0.20864
Writing output files.
