****                   ADMIXTURE Version 1.4.0                  ****
****                    Copyright 2008-2025                     ****
****           David Alexander, Suyash Shringarpure,            ****
****                John Novembre, Ken Lange                    ****
****                                                            ****
****                 Please cite our paper!                     ****
****   Information at https://dalexander.github.io/admixture/   ****

Cross-validation will be performed.  Folds=5.
Parallel execution requested.  Will use 8 threads.
Random seed: 7044
Point estimation method: Block relaxation algorithm
Convergence acceleration algorithm: QuasiNewton, 3 secant conditions
Point estimation will terminate when objective function delta < 0.0001
Estimation of standard errors disabled; will compute point estimates only.
Size of G: 927x1209774
Performing five EM steps to prime main algorithm
1 (EM) 	Elapsed: 3.856	Loglikelihood: -4.81113e+08	(delta): 1.17344e+09
2 (EM) 	Elapsed: 3.44	Loglikelihood: -4.48856e+08	(delta): 3.22566e+07
3 (EM) 	Elapsed: 3.403	Loglikelihood: -4.44903e+08	(delta): 3.95342e+06
4 (EM) 	Elapsed: 3.38	Loglikelihood: -4.42969e+08	(delta): 1.93365e+06
5 (EM) 	Elapsed: 4.052	Loglikelihood: -4.41576e+08	(delta): 1.3936e+06
Initial loglikelihood: -4.41576e+08
Starting main algorithm
1 (QN/Block) 	Elapsed: 18.178	Loglikelihood: -4.0822e+08	(delta): 3.33553e+07
2 (QN/Block) 	Elapsed: 19.537	Loglikelihood: -3.92922e+08	(delta): 1.52982e+07
3 (QN/Block) 	Elapsed: 23.216	Loglikelihood: -3.88632e+08	(delta): 4.29042e+06
4 (QN/Block) 	Elapsed: 22.38	Loglikelihood: -3.86674e+08	(delta): 1.95733e+06
5 (QN/Block) 	Elapsed: 22.643	Loglikelihood: -3.85684e+08	(delta): 989889
6 (QN/Block) 	Elapsed: 22.274	Loglikelihood: -3.85367e+08	(delta): 317255
7 (QN/Block) 	Elapsed: 24.663	Loglikelihood: -3.84824e+08	(delta): 542833
8 (QN/Block) 	Elapsed: 22.386	Loglikelihood: -3.84235e+08	(delta): 589658
9 (QN/Block) 	Elapsed: 23.118	Loglikelihood: -3.83963e+08	(delta): 271723
10 (QN/Block) 	Elapsed: 20.516	Loglikelihood: -3.8378e+08	(delta): 182957
11 (QN/Block) 	Elapsed: 20.245	Loglikelihood: -3.8368e+08	(delta): 99800.5
12 (QN/Block) 	Elapsed: 21.977	Loglikelihood: -3.83548e+08	(delta): 132559
13 (QN/Block) 	Elapsed: 22.451	Loglikelihood: -3.83433e+08	(delta): 114380
14 (QN/Block) 	Elapsed: 21.35	Loglikelihood: -3.83339e+08	(delta): 94560.2
15 (QN/Block) 	Elapsed: 22.82	Loglikelihood: -3.83267e+08	(delta): 71763.4
16 (QN/Block) 	Elapsed: 21.212	Loglikelihood: -3.83243e+08	(delta): 24227.9
17 (QN/Block) 	Elapsed: 20.541	Loglikelihood: -3.8324e+08	(delta): 3185.7
18 (QN/Block) 	Elapsed: 21.786	Loglikelihood: -3.83239e+08	(delta): 823.467
19 (QN/Block) 	Elapsed: 21.441	Loglikelihood: -3.83239e+08	(delta): 97.1716
20 (QN/Block) 	Elapsed: 22.135	Loglikelihood: -3.83239e+08	(delta): 9.19378
21 (QN/Block) 	Elapsed: 20.694	Loglikelihood: -3.83239e+08	(delta): 0.719907
22 (QN/Block) 	Elapsed: 22.097	Loglikelihood: -3.83239e+08	(delta): 0.0532395
23 (QN/Block) 	Elapsed: 21.843	Loglikelihood: -3.83239e+08	(delta): 0.00589675
24 (QN/Block) 	Elapsed: 22.743	Loglikelihood: -3.83239e+08	(delta): 0.00120509
25 (QN/Block) 	Elapsed: 28.184	Loglikelihood: -3.83239e+08	(delta): 3.82662e-05
Summary: 
Converged in 25 iterations (609.407 sec)
Loglikelihood: -383238619.479060
Fst divergences between estimated populations: 
	Pop0	Pop1	Pop2	Pop3	Pop4	Pop5	
Pop0	
Pop1	0.148	
Pop2	0.134	0.091	
Pop3	0.146	0.024	0.092	
Pop4	0.197	0.131	0.105	0.137	
Pop5	0.198	0.145	0.162	0.130	0.203	
Pop6	0.131	0.028	0.071	0.032	0.117	0.135	
CV error (K=7): 0.20861
Writing output files.
