****                   ADMIXTURE Version 1.4.0                  ****
****                    Copyright 2008-2025                     ****
****           David Alexander, Suyash Shringarpure,            ****
****                John Novembre, Ken Lange                    ****
****                                                            ****
****                 Please cite our paper!                     ****
****   Information at https://dalexander.github.io/admixture/   ****

Cross-validation will be performed.  Folds=5.
Parallel execution requested.  Will use 8 threads.
Random seed: 8047
Point estimation method: Block relaxation algorithm
Convergence acceleration algorithm: QuasiNewton, 3 secant conditions
Point estimation will terminate when objective function delta < 0.0001
Estimation of standard errors disabled; will compute point estimates only.
Size of G: 927x1209774
Performing five EM steps to prime main algorithm
1 (EM) 	Elapsed: 5.434	Loglikelihood: -4.81336e+08	(delta): 1.15889e+09
2 (EM) 	Elapsed: 4.611	Loglikelihood: -4.48473e+08	(delta): 3.2863e+07
3 (EM) 	Elapsed: 4.804	Loglikelihood: -4.44629e+08	(delta): 3.84413e+06
4 (EM) 	Elapsed: 3.973	Loglikelihood: -4.42785e+08	(delta): 1.84307e+06
5 (EM) 	Elapsed: 4.211	Loglikelihood: -4.41443e+08	(delta): 1.34284e+06
Initial loglikelihood: -4.41443e+08
Starting main algorithm
1 (QN/Block) 	Elapsed: 21.746	Loglikelihood: -4.03163e+08	(delta): 3.82801e+07
2 (QN/Block) 	Elapsed: 25.123	Loglikelihood: -3.89414e+08	(delta): 1.37486e+07
3 (QN/Block) 	Elapsed: 25.102	Loglikelihood: -3.85804e+08	(delta): 3.60992e+06
4 (QN/Block) 	Elapsed: 26.701	Loglikelihood: -3.84241e+08	(delta): 1.56299e+06
5 (QN/Block) 	Elapsed: 26.117	Loglikelihood: -3.83686e+08	(delta): 555350
6 (QN/Block) 	Elapsed: 24.54	Loglikelihood: -3.83419e+08	(delta): 266826
7 (QN/Block) 	Elapsed: 25.289	Loglikelihood: -3.83235e+08	(delta): 184349
8 (QN/Block) 	Elapsed: 24.896	Loglikelihood: -3.82773e+08	(delta): 461489
9 (QN/Block) 	Elapsed: 24.05	Loglikelihood: -3.82371e+08	(delta): 401578
10 (QN/Block) 	Elapsed: 24.145	Loglikelihood: -3.82193e+08	(delta): 178876
11 (QN/Block) 	Elapsed: 23.532	Loglikelihood: -3.8205e+08	(delta): 142609
12 (QN/Block) 	Elapsed: 26.149	Loglikelihood: -3.81886e+08	(delta): 164206
13 (QN/Block) 	Elapsed: 26.559	Loglikelihood: -3.81795e+08	(delta): 90990
14 (QN/Block) 	Elapsed: 29.587	Loglikelihood: -3.81748e+08	(delta): 46744.7
15 (QN/Block) 	Elapsed: 24.094	Loglikelihood: -3.8173e+08	(delta): 17589
16 (QN/Block) 	Elapsed: 28.204	Loglikelihood: -3.81728e+08	(delta): 2453.36
17 (QN/Block) 	Elapsed: 24.972	Loglikelihood: -3.81728e+08	(delta): 443.858
18 (QN/Block) 	Elapsed: 31.471	Loglikelihood: -3.81727e+08	(delta): 111.178
19 (QN/Block) 	Elapsed: 30.625	Loglikelihood: -3.81727e+08	(delta): 28.6665
20 (QN/Block) 	Elapsed: 27.03	Loglikelihood: -3.81727e+08	(delta): 0.76058
21 (QN/Block) 	Elapsed: 24.686	Loglikelihood: -3.81727e+08	(delta): 0.111244
22 (QN/Block) 	Elapsed: 23.49	Loglikelihood: -3.81727e+08	(delta): 0.0465739
23 (QN/Block) 	Elapsed: 23.664	Loglikelihood: -3.81727e+08	(delta): 0.0114555
24 (QN/Block) 	Elapsed: 22.882	Loglikelihood: -3.81727e+08	(delta): 0.000652611
25 (QN/Block) 	Elapsed: 24.671	Loglikelihood: -3.81727e+08	(delta): 0.000104427
26 (QN/Block) 	Elapsed: 23.137	Loglikelihood: -3.81727e+08	(delta): 7.12276e-05
Summary: 
Converged in 26 iterations (727.513 sec)
Loglikelihood: -381727384.189994
Fst divergences between estimated populations: 
	Pop0	Pop1	Pop2	Pop3	Pop4	Pop5	Pop6	
Pop0	
Pop1	0.203	
Pop2	0.105	0.242	
Pop3	0.134	0.238	0.197	
Pop4	0.091	0.186	0.131	0.148	
Pop5	0.160	0.071	0.202	0.197	0.143	
Pop6	0.071	0.177	0.117	0.131	0.028	0.133	
Pop7	0.093	0.173	0.138	0.147	0.024	0.129	0.032	
CV error (K=8): 0.20848
Writing output files.
