****                   ADMIXTURE Version 1.4.0                  ****
****                    Copyright 2008-2025                     ****
****           David Alexander, Suyash Shringarpure,            ****
****                John Novembre, Ken Lange                    ****
****                                                            ****
****                 Please cite our paper!                     ****
****   Information at https://dalexander.github.io/admixture/   ****

Cross-validation will be performed.  Folds=5.
Parallel execution requested.  Will use 8 threads.
Random seed: 8043
Point estimation method: Block relaxation algorithm
Convergence acceleration algorithm: QuasiNewton, 3 secant conditions
Point estimation will terminate when objective function delta < 0.0001
Estimation of standard errors disabled; will compute point estimates only.
Size of G: 927x1209774
Performing five EM steps to prime main algorithm
1 (EM) 	Elapsed: 4.962	Loglikelihood: -4.81361e+08	(delta): 1.16029e+09
2 (EM) 	Elapsed: 4.174	Loglikelihood: -4.48562e+08	(delta): 3.27984e+07
3 (EM) 	Elapsed: 4.173	Loglikelihood: -4.44656e+08	(delta): 3.90594e+06
4 (EM) 	Elapsed: 4.408	Loglikelihood: -4.42765e+08	(delta): 1.8911e+06
5 (EM) 	Elapsed: 5.018	Loglikelihood: -4.41393e+08	(delta): 1.37253e+06
Initial loglikelihood: -4.41393e+08
Starting main algorithm
1 (QN/Block) 	Elapsed: 21.324	Loglikelihood: -4.0337e+08	(delta): 3.80227e+07
2 (QN/Block) 	Elapsed: 21.555	Loglikelihood: -3.89299e+08	(delta): 1.40707e+07
3 (QN/Block) 	Elapsed: 24.565	Loglikelihood: -3.85737e+08	(delta): 3.56241e+06
4 (QN/Block) 	Elapsed: 27.062	Loglikelihood: -3.8407e+08	(delta): 1.66691e+06
5 (QN/Block) 	Elapsed: 25.81	Loglikelihood: -3.83306e+08	(delta): 764380
6 (QN/Block) 	Elapsed: 25.567	Loglikelihood: -3.83106e+08	(delta): 199789
7 (QN/Block) 	Elapsed: 27.152	Loglikelihood: -3.82952e+08	(delta): 154120
8 (QN/Block) 	Elapsed: 25.413	Loglikelihood: -3.82807e+08	(delta): 144857
9 (QN/Block) 	Elapsed: 25.891	Loglikelihood: -3.82673e+08	(delta): 133775
10 (QN/Block) 	Elapsed: 25.805	Loglikelihood: -3.82517e+08	(delta): 156417
11 (QN/Block) 	Elapsed: 25.592	Loglikelihood: -3.82273e+08	(delta): 243735
12 (QN/Block) 	Elapsed: 25.515	Loglikelihood: -3.82197e+08	(delta): 76192.5
13 (QN/Block) 	Elapsed: 24.464	Loglikelihood: -3.82163e+08	(delta): 33490.8
14 (QN/Block) 	Elapsed: 23.888	Loglikelihood: -3.82143e+08	(delta): 20263.2
15 (QN/Block) 	Elapsed: 23.671	Loglikelihood: -3.82126e+08	(delta): 16602.3
16 (QN/Block) 	Elapsed: 23.096	Loglikelihood: -3.82117e+08	(delta): 9104.28
17 (QN/Block) 	Elapsed: 25.522	Loglikelihood: -3.82113e+08	(delta): 4067.02
18 (QN/Block) 	Elapsed: 23.797	Loglikelihood: -3.82112e+08	(delta): 1406.97
19 (QN/Block) 	Elapsed: 22.703	Loglikelihood: -3.82111e+08	(delta): 391.608
20 (QN/Block) 	Elapsed: 23.183	Loglikelihood: -3.82111e+08	(delta): 118.192
21 (QN/Block) 	Elapsed: 23.932	Loglikelihood: -3.82111e+08	(delta): 32.7871
22 (QN/Block) 	Elapsed: 23.481	Loglikelihood: -3.82111e+08	(delta): 12.8765
23 (QN/Block) 	Elapsed: 22.793	Loglikelihood: -3.82111e+08	(delta): 2.68793
24 (QN/Block) 	Elapsed: 25.6	Loglikelihood: -3.82111e+08	(delta): 0.826205
25 (QN/Block) 	Elapsed: 23.918	Loglikelihood: -3.82111e+08	(delta): 0.155098
26 (QN/Block) 	Elapsed: 23.904	Loglikelihood: -3.82111e+08	(delta): 0.0578125
27 (QN/Block) 	Elapsed: 24.868	Loglikelihood: -3.82111e+08	(delta): 0.00924826
28 (QN/Block) 	Elapsed: 32.455	Loglikelihood: -3.82111e+08	(delta): 0.00523144
29 (QN/Block) 	Elapsed: 24.416	Loglikelihood: -3.82111e+08	(delta): 0.00127751
30 (QN/Block) 	Elapsed: 23.667	Loglikelihood: -3.82111e+08	(delta): 0.000352621
31 (QN/Block) 	Elapsed: 27.204	Loglikelihood: -3.82111e+08	(delta): 3.69549e-06
Summary: 
Converged in 31 iterations (837.368 sec)
Loglikelihood: -382111277.917974
Fst divergences between estimated populations: 
	Pop0	Pop1	Pop2	Pop3	Pop4	Pop5	Pop6	
Pop0	
Pop1	0.138	
Pop2	0.197	0.146	
Pop3	0.203	0.130	0.198	
Pop4	0.143	0.062	0.160	0.160	
Pop5	0.131	0.024	0.148	0.145	0.057	
Pop6	0.105	0.093	0.134	0.162	0.100	0.091	
Pop7	0.118	0.030	0.131	0.134	0.043	0.026	0.072	
CV error (K=8): 0.20925
Writing output files.
