****                   ADMIXTURE Version 1.4.0                  ****
****                    Copyright 2008-2025                     ****
****           David Alexander, Suyash Shringarpure,            ****
****                John Novembre, Ken Lange                    ****
****                                                            ****
****                 Please cite our paper!                     ****
****   Information at https://dalexander.github.io/admixture/   ****

Cross-validation will be performed.  Folds=5.
Parallel execution requested.  Will use 8 threads.
Random seed: 8044
Point estimation method: Block relaxation algorithm
Convergence acceleration algorithm: QuasiNewton, 3 secant conditions
Point estimation will terminate when objective function delta < 0.0001
Estimation of standard errors disabled; will compute point estimates only.
Size of G: 927x1209774
Performing five EM steps to prime main algorithm
1 (EM) 	Elapsed: 3.888	Loglikelihood: -4.81342e+08	(delta): 1.16064e+09
2 (EM) 	Elapsed: 4.568	Loglikelihood: -4.48634e+08	(delta): 3.27079e+07
3 (EM) 	Elapsed: 4.82	Loglikelihood: -4.44788e+08	(delta): 3.84652e+06
4 (EM) 	Elapsed: 4.933	Loglikelihood: -4.4295e+08	(delta): 1.83714e+06
5 (EM) 	Elapsed: 4.72	Loglikelihood: -4.4163e+08	(delta): 1.32014e+06
Initial loglikelihood: -4.4163e+08
Starting main algorithm
1 (QN/Block) 	Elapsed: 22.084	Loglikelihood: -4.04024e+08	(delta): 3.7606e+07
2 (QN/Block) 	Elapsed: 20.664	Loglikelihood: -3.90108e+08	(delta): 1.39161e+07
3 (QN/Block) 	Elapsed: 23.199	Loglikelihood: -3.86076e+08	(delta): 4.03268e+06
4 (QN/Block) 	Elapsed: 25.136	Loglikelihood: -3.84275e+08	(delta): 1.80026e+06
5 (QN/Block) 	Elapsed: 25.616	Loglikelihood: -3.83421e+08	(delta): 854495
6 (QN/Block) 	Elapsed: 25.635	Loglikelihood: -3.82955e+08	(delta): 465555
7 (QN/Block) 	Elapsed: 29.689	Loglikelihood: -3.8283e+08	(delta): 125438
8 (QN/Block) 	Elapsed: 23.197	Loglikelihood: -3.8278e+08	(delta): 49389.7
9 (QN/Block) 	Elapsed: 21.619	Loglikelihood: -3.82711e+08	(delta): 69829.1
10 (QN/Block) 	Elapsed: 26.703	Loglikelihood: -3.82313e+08	(delta): 398029
11 (QN/Block) 	Elapsed: 23.665	Loglikelihood: -3.8218e+08	(delta): 132382
12 (QN/Block) 	Elapsed: 22.386	Loglikelihood: -3.82112e+08	(delta): 68504.8
13 (QN/Block) 	Elapsed: 23.542	Loglikelihood: -3.82045e+08	(delta): 67057
14 (QN/Block) 	Elapsed: 27.782	Loglikelihood: -3.82012e+08	(delta): 32103.8
15 (QN/Block) 	Elapsed: 23.5	Loglikelihood: -3.81995e+08	(delta): 17524.3
16 (QN/Block) 	Elapsed: 22.677	Loglikelihood: -3.81984e+08	(delta): 10880.5
17 (QN/Block) 	Elapsed: 24.904	Loglikelihood: -3.81982e+08	(delta): 2004.67
18 (QN/Block) 	Elapsed: 23.221	Loglikelihood: -3.81982e+08	(delta): 377.747
19 (QN/Block) 	Elapsed: 23.311	Loglikelihood: -3.81982e+08	(delta): 87.94
20 (QN/Block) 	Elapsed: 22.848	Loglikelihood: -3.81982e+08	(delta): 18.7904
21 (QN/Block) 	Elapsed: 22.922	Loglikelihood: -3.81982e+08	(delta): 3.52577
22 (QN/Block) 	Elapsed: 23.436	Loglikelihood: -3.81982e+08	(delta): 0.584397
23 (QN/Block) 	Elapsed: 23.358	Loglikelihood: -3.81982e+08	(delta): 0.437243
24 (QN/Block) 	Elapsed: 23.038	Loglikelihood: -3.81982e+08	(delta): 0.0914186
25 (QN/Block) 	Elapsed: 22.902	Loglikelihood: -3.81982e+08	(delta): 0.0330787
26 (QN/Block) 	Elapsed: 24.897	Loglikelihood: -3.81982e+08	(delta): 0.0125989
27 (QN/Block) 	Elapsed: 24.826	Loglikelihood: -3.81982e+08	(delta): 0.0108509
28 (QN/Block) 	Elapsed: 26.629	Loglikelihood: -3.81982e+08	(delta): 0.000892639
29 (QN/Block) 	Elapsed: 22.975	Loglikelihood: -3.81982e+08	(delta): 0.0008232
30 (QN/Block) 	Elapsed: 23.939	Loglikelihood: -3.81982e+08	(delta): 0.000367939
31 (QN/Block) 	Elapsed: 22.828	Loglikelihood: -3.81982e+08	(delta): 3.03388e-05
Summary: 
Converged in 31 iterations (814.003 sec)
Loglikelihood: -381981586.125532
Fst divergences between estimated populations: 
	Pop0	Pop1	Pop2	Pop3	Pop4	Pop5	Pop6	
Pop0	
Pop1	0.168	
Pop2	0.039	0.164	
Pop3	0.106	0.203	0.109	
Pop4	0.091	0.145	0.094	0.131	
Pop5	0.075	0.135	0.074	0.117	0.028	
Pop6	0.095	0.130	0.095	0.138	0.024	0.032	
Pop7	0.148	0.199	0.138	0.199	0.150	0.133	0.148	
CV error (K=8): 0.20882
Writing output files.
