****                   ADMIXTURE Version 1.4.0                  ****
****                    Copyright 2008-2025                     ****
****           David Alexander, Suyash Shringarpure,            ****
****                John Novembre, Ken Lange                    ****
****                                                            ****
****                 Please cite our paper!                     ****
****   Information at https://dalexander.github.io/admixture/   ****

Cross-validation will be performed.  Folds=5.
Parallel execution requested.  Will use 8 threads.
Random seed: 8046
Point estimation method: Block relaxation algorithm
Convergence acceleration algorithm: QuasiNewton, 3 secant conditions
Point estimation will terminate when objective function delta < 0.0001
Estimation of standard errors disabled; will compute point estimates only.
Size of G: 927x1209774
Performing five EM steps to prime main algorithm
1 (EM) 	Elapsed: 3.817	Loglikelihood: -4.81234e+08	(delta): 1.15758e+09
2 (EM) 	Elapsed: 3.953	Loglikelihood: -4.48267e+08	(delta): 3.29674e+07
3 (EM) 	Elapsed: 4.506	Loglikelihood: -4.44423e+08	(delta): 3.84334e+06
4 (EM) 	Elapsed: 4.158	Loglikelihood: -4.4257e+08	(delta): 1.85353e+06
5 (EM) 	Elapsed: 3.88	Loglikelihood: -4.412e+08	(delta): 1.37015e+06
Initial loglikelihood: -4.412e+08
Starting main algorithm
1 (QN/Block) 	Elapsed: 20.347	Loglikelihood: -3.99654e+08	(delta): 4.15455e+07
2 (QN/Block) 	Elapsed: 20.392	Loglikelihood: -3.88768e+08	(delta): 1.08863e+07
3 (QN/Block) 	Elapsed: 25.29	Loglikelihood: -3.85726e+08	(delta): 3.04207e+06
4 (QN/Block) 	Elapsed: 26.762	Loglikelihood: -3.83926e+08	(delta): 1.80013e+06
5 (QN/Block) 	Elapsed: 30.151	Loglikelihood: -3.83282e+08	(delta): 643755
6 (QN/Block) 	Elapsed: 23.446	Loglikelihood: -3.82925e+08	(delta): 356954
7 (QN/Block) 	Elapsed: 25.764	Loglikelihood: -3.82776e+08	(delta): 148840
8 (QN/Block) 	Elapsed: 24.531	Loglikelihood: -3.8263e+08	(delta): 145681
9 (QN/Block) 	Elapsed: 26.179	Loglikelihood: -3.82407e+08	(delta): 223046
10 (QN/Block) 	Elapsed: 25.358	Loglikelihood: -3.82162e+08	(delta): 245329
11 (QN/Block) 	Elapsed: 27.096	Loglikelihood: -3.82016e+08	(delta): 146049
12 (QN/Block) 	Elapsed: 25.999	Loglikelihood: -3.81987e+08	(delta): 29318.4
13 (QN/Block) 	Elapsed: 23.614	Loglikelihood: -3.81983e+08	(delta): 3775.15
14 (QN/Block) 	Elapsed: 24.647	Loglikelihood: -3.81982e+08	(delta): 969.374
15 (QN/Block) 	Elapsed: 24.823	Loglikelihood: -3.81982e+08	(delta): 198.496
16 (QN/Block) 	Elapsed: 24.249	Loglikelihood: -3.81982e+08	(delta): 76.2952
17 (QN/Block) 	Elapsed: 23.108	Loglikelihood: -3.81982e+08	(delta): 16.7412
18 (QN/Block) 	Elapsed: 24.752	Loglikelihood: -3.81981e+08	(delta): 5.65419
19 (QN/Block) 	Elapsed: 24.959	Loglikelihood: -3.81981e+08	(delta): 1.00212
20 (QN/Block) 	Elapsed: 24.11	Loglikelihood: -3.81981e+08	(delta): 0.128462
21 (QN/Block) 	Elapsed: 23.212	Loglikelihood: -3.81981e+08	(delta): 0.0493824
22 (QN/Block) 	Elapsed: 23.921	Loglikelihood: -3.81981e+08	(delta): 0.00854355
23 (QN/Block) 	Elapsed: 25.612	Loglikelihood: -3.81981e+08	(delta): 0.0038442
24 (QN/Block) 	Elapsed: 26.61	Loglikelihood: -3.81981e+08	(delta): 0.00157404
25 (QN/Block) 	Elapsed: 23.5	Loglikelihood: -3.81981e+08	(delta): 8.13603e-05
Summary: 
Converged in 25 iterations (679.83 sec)
Loglikelihood: -381981495.001083
Fst divergences between estimated populations: 
	Pop0	Pop1	Pop2	Pop3	Pop4	Pop5	Pop6	
Pop0	
Pop1	0.145	
Pop2	0.135	0.028	
Pop3	0.130	0.024	0.032	
Pop4	0.164	0.094	0.074	0.095	
Pop5	0.199	0.150	0.133	0.148	0.138	
Pop6	0.168	0.091	0.075	0.095	0.039	0.148	
Pop7	0.203	0.131	0.117	0.138	0.109	0.199	0.106	
CV error (K=8): 0.20882
Writing output files.
