****                   ADMIXTURE Version 1.4.0                  ****
****                    Copyright 2008-2025                     ****
****           David Alexander, Suyash Shringarpure,            ****
****                John Novembre, Ken Lange                    ****
****                                                            ****
****                 Please cite our paper!                     ****
****   Information at https://dalexander.github.io/admixture/   ****

Cross-validation will be performed.  Folds=5.
Parallel execution requested.  Will use 8 threads.
Random seed: 8045
Point estimation method: Block relaxation algorithm
Convergence acceleration algorithm: QuasiNewton, 3 secant conditions
Point estimation will terminate when objective function delta < 0.0001
Estimation of standard errors disabled; will compute point estimates only.
Size of G: 927x1209774
Performing five EM steps to prime main algorithm
1 (EM) 	Elapsed: 4.334	Loglikelihood: -4.81389e+08	(delta): 1.16087e+09
2 (EM) 	Elapsed: 4.654	Loglikelihood: -4.48661e+08	(delta): 3.27285e+07
3 (EM) 	Elapsed: 4.56	Loglikelihood: -4.44768e+08	(delta): 3.89331e+06
4 (EM) 	Elapsed: 4.889	Loglikelihood: -4.42893e+08	(delta): 1.87419e+06
5 (EM) 	Elapsed: 4.372	Loglikelihood: -4.41543e+08	(delta): 1.35064e+06
Initial loglikelihood: -4.41543e+08
Starting main algorithm
1 (QN/Block) 	Elapsed: 21.601	Loglikelihood: -4.0249e+08	(delta): 3.90524e+07
2 (QN/Block) 	Elapsed: 20.281	Loglikelihood: -3.88899e+08	(delta): 1.35913e+07
3 (QN/Block) 	Elapsed: 25.295	Loglikelihood: -3.85267e+08	(delta): 3.63179e+06
4 (QN/Block) 	Elapsed: 25.999	Loglikelihood: -3.83524e+08	(delta): 1.74307e+06
5 (QN/Block) 	Elapsed: 26.738	Loglikelihood: -3.82948e+08	(delta): 576078
6 (QN/Block) 	Elapsed: 23.949	Loglikelihood: -3.82566e+08	(delta): 381886
7 (QN/Block) 	Elapsed: 26.177	Loglikelihood: -3.824e+08	(delta): 166544
8 (QN/Block) 	Elapsed: 26.711	Loglikelihood: -3.823e+08	(delta): 99820.2
9 (QN/Block) 	Elapsed: 23.976	Loglikelihood: -3.82243e+08	(delta): 56827.1
10 (QN/Block) 	Elapsed: 26.326	Loglikelihood: -3.82186e+08	(delta): 56880.7
11 (QN/Block) 	Elapsed: 28.091	Loglikelihood: -3.82138e+08	(delta): 48292.6
12 (QN/Block) 	Elapsed: 23.589	Loglikelihood: -3.82124e+08	(delta): 14213.7
13 (QN/Block) 	Elapsed: 24.273	Loglikelihood: -3.82116e+08	(delta): 7484.77
14 (QN/Block) 	Elapsed: 23.367	Loglikelihood: -3.82113e+08	(delta): 2975.58
15 (QN/Block) 	Elapsed: 24.789	Loglikelihood: -3.82112e+08	(delta): 1266.43
16 (QN/Block) 	Elapsed: 24.15	Loglikelihood: -3.82111e+08	(delta): 488.343
17 (QN/Block) 	Elapsed: 23.374	Loglikelihood: -3.82111e+08	(delta): 119.734
18 (QN/Block) 	Elapsed: 24.287	Loglikelihood: -3.82111e+08	(delta): 34.7799
19 (QN/Block) 	Elapsed: 24.634	Loglikelihood: -3.82111e+08	(delta): 10.5709
20 (QN/Block) 	Elapsed: 23.119	Loglikelihood: -3.82111e+08	(delta): 5.36266
21 (QN/Block) 	Elapsed: 24.669	Loglikelihood: -3.82111e+08	(delta): 0.345816
22 (QN/Block) 	Elapsed: 24.383	Loglikelihood: -3.82111e+08	(delta): 1.54348
23 (QN/Block) 	Elapsed: 23.447	Loglikelihood: -3.82111e+08	(delta): 0.253645
24 (QN/Block) 	Elapsed: 22.832	Loglikelihood: -3.82111e+08	(delta): 0.0337216
25 (QN/Block) 	Elapsed: 23.109	Loglikelihood: -3.82111e+08	(delta): 0.0206038
26 (QN/Block) 	Elapsed: 25.643	Loglikelihood: -3.82111e+08	(delta): 0.00800574
27 (QN/Block) 	Elapsed: 24.342	Loglikelihood: -3.82111e+08	(delta): 0.00214761
28 (QN/Block) 	Elapsed: 22.38	Loglikelihood: -3.82111e+08	(delta): 0.000893772
29 (QN/Block) 	Elapsed: 22.899	Loglikelihood: -3.82111e+08	(delta): 0.000912189
30 (QN/Block) 	Elapsed: 22.904	Loglikelihood: -3.82111e+08	(delta): 0.00012821
31 (QN/Block) 	Elapsed: 26.399	Loglikelihood: -3.82111e+08	(delta): 4.29153e-06
Summary: 
Converged in 31 iterations (823.554 sec)
Loglikelihood: -382111304.318705
Fst divergences between estimated populations: 
	Pop0	Pop1	Pop2	Pop3	Pop4	Pop5	Pop6	
Pop0	
Pop1	0.143	
Pop2	0.160	0.203	
Pop3	0.043	0.118	0.134	
Pop4	0.057	0.131	0.145	0.026	
Pop5	0.100	0.105	0.162	0.072	0.091	
Pop6	0.160	0.197	0.198	0.131	0.148	0.134	
Pop7	0.062	0.138	0.130	0.030	0.024	0.093	0.146	
CV error (K=8): 0.20918
Writing output files.
