****                   ADMIXTURE Version 1.4.0                  ****
****                    Copyright 2008-2025                     ****
****           David Alexander, Suyash Shringarpure,            ****
****                John Novembre, Ken Lange                    ****
****                                                            ****
****                 Please cite our paper!                     ****
****   Information at https://dalexander.github.io/admixture/   ****

Cross-validation will be performed.  Folds=5.
Parallel execution requested.  Will use 8 threads.
Random seed: 9047
Point estimation method: Block relaxation algorithm
Convergence acceleration algorithm: QuasiNewton, 3 secant conditions
Point estimation will terminate when objective function delta < 0.0001
Estimation of standard errors disabled; will compute point estimates only.
Size of G: 927x1209774
Performing five EM steps to prime main algorithm
1 (EM) 	Elapsed: 4.399	Loglikelihood: -4.81383e+08	(delta): 1.14867e+09
2 (EM) 	Elapsed: 5.2	Loglikelihood: -4.4818e+08	(delta): 3.32032e+07
3 (EM) 	Elapsed: 3.958	Loglikelihood: -4.44396e+08	(delta): 3.78419e+06
4 (EM) 	Elapsed: 4.153	Loglikelihood: -4.42595e+08	(delta): 1.80131e+06
5 (EM) 	Elapsed: 3.988	Loglikelihood: -4.41283e+08	(delta): 1.31203e+06
Initial loglikelihood: -4.41283e+08
Starting main algorithm
1 (QN/Block) 	Elapsed: 24.814	Loglikelihood: -4.03229e+08	(delta): 3.80533e+07
2 (QN/Block) 	Elapsed: 24.576	Loglikelihood: -3.91852e+08	(delta): 1.13777e+07
3 (QN/Block) 	Elapsed: 29.485	Loglikelihood: -3.88326e+08	(delta): 3.52578e+06
4 (QN/Block) 	Elapsed: 32.721	Loglikelihood: -3.86143e+08	(delta): 2.18296e+06
5 (QN/Block) 	Elapsed: 28.974	Loglikelihood: -3.84684e+08	(delta): 1.45853e+06
6 (QN/Block) 	Elapsed: 30.441	Loglikelihood: -3.83236e+08	(delta): 1.44812e+06
7 (QN/Block) 	Elapsed: 31.019	Loglikelihood: -3.82204e+08	(delta): 1.03178e+06
8 (QN/Block) 	Elapsed: 28.84	Loglikelihood: -3.81232e+08	(delta): 972540
9 (QN/Block) 	Elapsed: 29.51	Loglikelihood: -3.80801e+08	(delta): 430837
10 (QN/Block) 	Elapsed: 29.316	Loglikelihood: -3.80579e+08	(delta): 221756
11 (QN/Block) 	Elapsed: 26.493	Loglikelihood: -3.80511e+08	(delta): 68494.4
12 (QN/Block) 	Elapsed: 26.502	Loglikelihood: -3.80486e+08	(delta): 24833.8
13 (QN/Block) 	Elapsed: 26.699	Loglikelihood: -3.80475e+08	(delta): 10584.1
14 (QN/Block) 	Elapsed: 26.957	Loglikelihood: -3.80471e+08	(delta): 4118.7
15 (QN/Block) 	Elapsed: 27.532	Loglikelihood: -3.8047e+08	(delta): 787.635
16 (QN/Block) 	Elapsed: 29.251	Loglikelihood: -3.8047e+08	(delta): 106.407
17 (QN/Block) 	Elapsed: 29.011	Loglikelihood: -3.8047e+08	(delta): 39.6316
18 (QN/Block) 	Elapsed: 29.138	Loglikelihood: -3.8047e+08	(delta): 3.42539
19 (QN/Block) 	Elapsed: 27.444	Loglikelihood: -3.8047e+08	(delta): 1.02266
20 (QN/Block) 	Elapsed: 27.127	Loglikelihood: -3.8047e+08	(delta): 0.390943
21 (QN/Block) 	Elapsed: 26.581	Loglikelihood: -3.8047e+08	(delta): 0.156249
22 (QN/Block) 	Elapsed: 26.835	Loglikelihood: -3.8047e+08	(delta): 0.0334498
23 (QN/Block) 	Elapsed: 26.738	Loglikelihood: -3.8047e+08	(delta): 0.00525481
24 (QN/Block) 	Elapsed: 27.067	Loglikelihood: -3.8047e+08	(delta): 0.00240248
25 (QN/Block) 	Elapsed: 26.887	Loglikelihood: -3.8047e+08	(delta): 2.50936e-05
Summary: 
Converged in 25 iterations (762.128 sec)
Loglikelihood: -380470327.715362
Fst divergences between estimated populations: 
	Pop0	Pop1	Pop2	Pop3	Pop4	Pop5	Pop6	Pop7	
Pop0	
Pop1	0.162	
Pop2	0.128	0.096	
Pop3	0.199	0.138	0.148	
Pop4	0.133	0.074	0.032	0.133	
Pop5	0.202	0.109	0.138	0.199	0.117	
Pop6	0.143	0.094	0.024	0.150	0.028	0.131	
Pop7	0.071	0.206	0.173	0.240	0.177	0.242	0.186	
Pop8	0.166	0.039	0.095	0.149	0.075	0.106	0.092	0.208	
CV error (K=9): 0.20864
Writing output files.
