****                   ADMIXTURE Version 1.4.0                  ****
****                    Copyright 2008-2025                     ****
****           David Alexander, Suyash Shringarpure,            ****
****                John Novembre, Ken Lange                    ****
****                                                            ****
****                 Please cite our paper!                     ****
****   Information at https://dalexander.github.io/admixture/   ****

Cross-validation will be performed.  Folds=5.
Parallel execution requested.  Will use 8 threads.
Random seed: 9045
Point estimation method: Block relaxation algorithm
Convergence acceleration algorithm: QuasiNewton, 3 secant conditions
Point estimation will terminate when objective function delta < 0.0001
Estimation of standard errors disabled; will compute point estimates only.
Size of G: 927x1209774
Performing five EM steps to prime main algorithm
1 (EM) 	Elapsed: 4.673	Loglikelihood: -4.81456e+08	(delta): 1.14903e+09
2 (EM) 	Elapsed: 4.496	Loglikelihood: -4.4828e+08	(delta): 3.3176e+07
3 (EM) 	Elapsed: 4.716	Loglikelihood: -4.44524e+08	(delta): 3.75612e+06
4 (EM) 	Elapsed: 4.83	Loglikelihood: -4.42766e+08	(delta): 1.75835e+06
5 (EM) 	Elapsed: 5.25	Loglikelihood: -4.41501e+08	(delta): 1.26517e+06
Initial loglikelihood: -4.41501e+08
Starting main algorithm
1 (QN/Block) 	Elapsed: 26.459	Loglikelihood: -4.03251e+08	(delta): 3.825e+07
2 (QN/Block) 	Elapsed: 26.281	Loglikelihood: -3.88859e+08	(delta): 1.43917e+07
3 (QN/Block) 	Elapsed: 29.647	Loglikelihood: -3.8483e+08	(delta): 4.02942e+06
4 (QN/Block) 	Elapsed: 38.321	Loglikelihood: -3.83071e+08	(delta): 1.75857e+06
5 (QN/Block) 	Elapsed: 31.547	Loglikelihood: -3.82324e+08	(delta): 746737
6 (QN/Block) 	Elapsed: 28.615	Loglikelihood: -3.81856e+08	(delta): 468283
7 (QN/Block) 	Elapsed: 37.391	Loglikelihood: -3.81583e+08	(delta): 273354
8 (QN/Block) 	Elapsed: 28.552	Loglikelihood: -3.81397e+08	(delta): 185869
9 (QN/Block) 	Elapsed: 29.315	Loglikelihood: -3.813e+08	(delta): 96977.6
10 (QN/Block) 	Elapsed: 33.69	Loglikelihood: -3.81201e+08	(delta): 99267.2
11 (QN/Block) 	Elapsed: 38.186	Loglikelihood: -3.81083e+08	(delta): 117664
12 (QN/Block) 	Elapsed: 31.416	Loglikelihood: -3.80985e+08	(delta): 97770.8
13 (QN/Block) 	Elapsed: 30.264	Loglikelihood: -3.80756e+08	(delta): 228795
14 (QN/Block) 	Elapsed: 31.524	Loglikelihood: -3.8062e+08	(delta): 136133
15 (QN/Block) 	Elapsed: 27.985	Loglikelihood: -3.80541e+08	(delta): 78954.1
16 (QN/Block) 	Elapsed: 30.707	Loglikelihood: -3.80494e+08	(delta): 47616.6
17 (QN/Block) 	Elapsed: 30.93	Loglikelihood: -3.80475e+08	(delta): 18875.4
18 (QN/Block) 	Elapsed: 31.986	Loglikelihood: -3.80471e+08	(delta): 3429.26
19 (QN/Block) 	Elapsed: 27.663	Loglikelihood: -3.80471e+08	(delta): 857.264
20 (QN/Block) 	Elapsed: 31.2	Loglikelihood: -3.8047e+08	(delta): 247.001
21 (QN/Block) 	Elapsed: 27.527	Loglikelihood: -3.8047e+08	(delta): 27.5724
22 (QN/Block) 	Elapsed: 27.391	Loglikelihood: -3.8047e+08	(delta): 6.40583
23 (QN/Block) 	Elapsed: 29.545	Loglikelihood: -3.8047e+08	(delta): 1.3448
24 (QN/Block) 	Elapsed: 34.296	Loglikelihood: -3.8047e+08	(delta): 0.166612
25 (QN/Block) 	Elapsed: 33.305	Loglikelihood: -3.8047e+08	(delta): 0.0828809
26 (QN/Block) 	Elapsed: 29.085	Loglikelihood: -3.8047e+08	(delta): 0.016584
27 (QN/Block) 	Elapsed: 32.231	Loglikelihood: -3.8047e+08	(delta): 0.00106263
28 (QN/Block) 	Elapsed: 27.415	Loglikelihood: -3.8047e+08	(delta): 0.000952363
29 (QN/Block) 	Elapsed: 31.442	Loglikelihood: -3.8047e+08	(delta): 0.00010246
30 (QN/Block) 	Elapsed: 34.823	Loglikelihood: -3.8047e+08	(delta): 2.86102e-06
Summary: 
Converged in 30 iterations (1003.05 sec)
Loglikelihood: -380470336.998048
Fst divergences between estimated populations: 
	Pop0	Pop1	Pop2	Pop3	Pop4	Pop5	Pop6	Pop7	
Pop0	
Pop1	0.166	
Pop2	0.162	0.039	
Pop3	0.133	0.075	0.074	
Pop4	0.199	0.149	0.138	0.133	
Pop5	0.143	0.092	0.094	0.028	0.150	
Pop6	0.071	0.208	0.206	0.177	0.240	0.186	
Pop7	0.128	0.095	0.096	0.032	0.148	0.024	0.173	
Pop8	0.202	0.106	0.109	0.117	0.199	0.131	0.242	0.138	
CV error (K=9): 0.20870
Writing output files.
